{"/home/ray/git/und-ims/api/config/env/test.js":{"path":"/home/ray/git/und-ims/api/config/env/test.js","s":{"1":1},"b":{},"f":{},"fnMap":{},"statementMap":{"1":{"start":{"line":8,"column":0},"end":{"line":28,"column":2}}},"branchMap":{}},"/home/ray/git/und-ims/api/api/responses/badRequest.js":{"path":"/home/ray/git/und-ims/api/api/responses/badRequest.js","s":{"1":2,"2":2,"3":4,"4":4,"5":4},"b":{"1":[4,1]},"f":{"1":4},"fnMap":{"1":{"name":"(anonymous_1)","line":13,"loc":{"start":{"line":13,"column":17},"end":{"line":13,"column":41}}}},"statementMap":{"1":{"start":{"line":11,"column":0},"end":{"line":11,"column":28}},"2":{"start":{"line":13,"column":0},"end":{"line":22,"column":2}},"3":{"start":{"line":14,"column":2},"end":{"line":18,"column":32}},"4":{"start":{"line":20,"column":2},"end":{"line":20,"column":23}},"5":{"start":{"line":21,"column":2},"end":{"line":21,"column":27}}},"branchMap":{"1":{"line":17,"type":"binary-expr","locations":[{"start":{"line":17,"column":10},"end":{"line":17,"column":14}},{"start":{"line":17,"column":18},"end":{"line":17,"column":20}}]}}},"/home/ray/git/und-ims/api/api/responses/created.js":{"path":"/home/ray/git/und-ims/api/api/responses/created.js","s":{"1":2,"2":2,"3":3,"4":3,"5":3},"b":{"1":[3,1]},"f":{"1":3},"fnMap":{"1":{"name":"(anonymous_1)","line":14,"loc":{"start":{"line":14,"column":17},"end":{"line":14,"column":41}}}},"statementMap":{"1":{"start":{"line":12,"column":0},"end":{"line":12,"column":28}},"2":{"start":{"line":14,"column":0},"end":{"line":23,"column":2}},"3":{"start":{"line":15,"column":2},"end":{"line":19,"column":32}},"4":{"start":{"line":21,"column":2},"end":{"line":21,"column":23}},"5":{"start":{"line":22,"column":2},"end":{"line":22,"column":27}}},"branchMap":{"1":{"line":18,"type":"binary-expr","locations":[{"start":{"line":18,"column":10},"end":{"line":18,"column":14}},{"start":{"line":18,"column":18},"end":{"line":18,"column":20}}]}}},"/home/ray/git/und-ims/api/api/responses/forbidden.js":{"path":"/home/ray/git/und-ims/api/api/responses/forbidden.js","s":{"1":2,"2":2,"3":3,"4":3,"5":3},"b":{"1":[3,1]},"f":{"1":3},"fnMap":{"1":{"name":"(anonymous_1)","line":13,"loc":{"start":{"line":13,"column":17},"end":{"line":13,"column":41}}}},"statementMap":{"1":{"start":{"line":11,"column":0},"end":{"line":11,"column":28}},"2":{"start":{"line":13,"column":0},"end":{"line":22,"column":2}},"3":{"start":{"line":14,"column":2},"end":{"line":18,"column":32}},"4":{"start":{"line":20,"column":2},"end":{"line":20,"column":23}},"5":{"start":{"line":21,"column":2},"end":{"line":21,"column":27}}},"branchMap":{"1":{"line":17,"type":"binary-expr","locations":[{"start":{"line":17,"column":10},"end":{"line":17,"column":14}},{"start":{"line":17,"column":18},"end":{"line":17,"column":20}}]}}},"/home/ray/git/und-ims/api/api/responses/negotiate.js":{"path":"/home/ray/git/und-ims/api/api/responses/negotiate.js","s":{"1":2,"2":2,"3":17,"4":17,"5":17,"6":17,"7":17,"8":17,"9":17,"10":17,"11":6,"12":11,"13":2,"14":9,"15":1,"16":8,"17":2,"18":6,"19":3,"20":3},"b":{"1":[17,10],"2":[17,10],"3":[17,3,2],"4":[6,11],"5":[2,9],"6":[1,8],"7":[2,6],"8":[3,3],"9":[6,6]},"f":{"1":17},"fnMap":{"1":{"name":"(anonymous_1)","line":11,"loc":{"start":{"line":11,"column":17},"end":{"line":11,"column":34}}}},"statementMap":{"1":{"start":{"line":9,"column":0},"end":{"line":9,"column":28}},"2":{"start":{"line":11,"column":0},"end":{"line":27,"column":2}},"3":{"start":{"line":12,"column":2},"end":{"line":12,"column":23}},"4":{"start":{"line":13,"column":2},"end":{"line":13,"column":36}},"5":{"start":{"line":14,"column":2},"end":{"line":14,"column":68}},"6":{"start":{"line":15,"column":2},"end":{"line":15,"column":36}},"7":{"start":{"line":16,"column":2},"end":{"line":16,"column":137}},"8":{"start":{"line":17,"column":2},"end":{"line":17,"column":81}},"9":{"start":{"line":18,"column":2},"end":{"line":18,"column":39}},"10":{"start":{"line":20,"column":2},"end":{"line":20,"column":58}},"11":{"start":{"line":20,"column":26},"end":{"line":20,"column":58}},"12":{"start":{"line":21,"column":2},"end":{"line":21,"column":64}},"13":{"start":{"line":21,"column":26},"end":{"line":21,"column":64}},"14":{"start":{"line":22,"column":2},"end":{"line":22,"column":61}},"15":{"start":{"line":22,"column":26},"end":{"line":22,"column":61}},"16":{"start":{"line":23,"column":2},"end":{"line":23,"column":60}},"17":{"start":{"line":23,"column":26},"end":{"line":23,"column":60}},"18":{"start":{"line":24,"column":2},"end":{"line":24,"column":81}},"19":{"start":{"line":24,"column":45},"end":{"line":24,"column":81}},"20":{"start":{"line":26,"column":2},"end":{"line":26,"column":39}}},"branchMap":{"1":{"line":14,"type":"binary-expr","locations":[{"start":{"line":14,"column":18},"end":{"line":14,"column":40}},{"start":{"line":14,"column":44},"end":{"line":14,"column":67}}]},"2":{"line":16,"type":"binary-expr","locations":[{"start":{"line":16,"column":15},"end":{"line":16,"column":48}},{"start":{"line":16,"column":52},"end":{"line":16,"column":136}}]},"3":{"line":17,"type":"binary-expr","locations":[{"start":{"line":17,"column":21},"end":{"line":17,"column":43}},{"start":{"line":17,"column":47},"end":{"line":17,"column":73}},{"start":{"line":17,"column":77},"end":{"line":17,"column":80}}]},"4":{"line":20,"type":"if","locations":[{"start":{"line":20,"column":2},"end":{"line":20,"column":2}},{"start":{"line":20,"column":2},"end":{"line":20,"column":2}}]},"5":{"line":21,"type":"if","locations":[{"start":{"line":21,"column":2},"end":{"line":21,"column":2}},{"start":{"line":21,"column":2},"end":{"line":21,"column":2}}]},"6":{"line":22,"type":"if","locations":[{"start":{"line":22,"column":2},"end":{"line":22,"column":2}},{"start":{"line":22,"column":2},"end":{"line":22,"column":2}}]},"7":{"line":23,"type":"if","locations":[{"start":{"line":23,"column":2},"end":{"line":23,"column":2}},{"start":{"line":23,"column":2},"end":{"line":23,"column":2}}]},"8":{"line":24,"type":"if","locations":[{"start":{"line":24,"column":2},"end":{"line":24,"column":2}},{"start":{"line":24,"column":2},"end":{"line":24,"column":2}}]},"9":{"line":24,"type":"binary-expr","locations":[{"start":{"line":24,"column":6},"end":{"line":24,"column":23}},{"start":{"line":24,"column":27},"end":{"line":24,"column":43}}]}}},"/home/ray/git/und-ims/api/api/responses/notFound.js":{"path":"/home/ray/git/und-ims/api/api/responses/notFound.js","s":{"1":2,"2":2,"3":4,"4":4,"5":4},"b":{"1":[4,1]},"f":{"1":4},"fnMap":{"1":{"name":"(anonymous_1)","line":13,"loc":{"start":{"line":13,"column":17},"end":{"line":13,"column":41}}}},"statementMap":{"1":{"start":{"line":11,"column":0},"end":{"line":11,"column":28}},"2":{"start":{"line":13,"column":0},"end":{"line":22,"column":2}},"3":{"start":{"line":14,"column":2},"end":{"line":18,"column":32}},"4":{"start":{"line":20,"column":2},"end":{"line":20,"column":23}},"5":{"start":{"line":21,"column":2},"end":{"line":21,"column":27}}},"branchMap":{"1":{"line":17,"type":"binary-expr","locations":[{"start":{"line":17,"column":10},"end":{"line":17,"column":14}},{"start":{"line":17,"column":18},"end":{"line":17,"column":20}}]}}},"/home/ray/git/und-ims/api/api/responses/ok.js":{"path":"/home/ray/git/und-ims/api/api/responses/ok.js","s":{"1":2,"2":2,"3":12,"4":12,"5":12},"b":{"1":[12,1]},"f":{"1":12},"fnMap":{"1":{"name":"(anonymous_1)","line":14,"loc":{"start":{"line":14,"column":17},"end":{"line":14,"column":41}}}},"statementMap":{"1":{"start":{"line":12,"column":0},"end":{"line":12,"column":28}},"2":{"start":{"line":14,"column":0},"end":{"line":23,"column":2}},"3":{"start":{"line":15,"column":2},"end":{"line":19,"column":32}},"4":{"start":{"line":21,"column":2},"end":{"line":21,"column":23}},"5":{"start":{"line":22,"column":2},"end":{"line":22,"column":27}}},"branchMap":{"1":{"line":18,"type":"binary-expr","locations":[{"start":{"line":18,"column":10},"end":{"line":18,"column":14}},{"start":{"line":18,"column":18},"end":{"line":18,"column":20}}]}}},"/home/ray/git/und-ims/api/api/responses/serverError.js":{"path":"/home/ray/git/und-ims/api/api/responses/serverError.js","s":{"1":2,"2":2,"3":3,"4":3,"5":3},"b":{"1":[3,1]},"f":{"1":3},"fnMap":{"1":{"name":"(anonymous_1)","line":12,"loc":{"start":{"line":12,"column":17},"end":{"line":12,"column":41}}}},"statementMap":{"1":{"start":{"line":10,"column":0},"end":{"line":10,"column":28}},"2":{"start":{"line":12,"column":0},"end":{"line":21,"column":2}},"3":{"start":{"line":13,"column":2},"end":{"line":17,"column":32}},"4":{"start":{"line":19,"column":2},"end":{"line":19,"column":23}},"5":{"start":{"line":20,"column":2},"end":{"line":20,"column":27}}},"branchMap":{"1":{"line":16,"type":"binary-expr","locations":[{"start":{"line":16,"column":10},"end":{"line":16,"column":14}},{"start":{"line":16,"column":18},"end":{"line":16,"column":20}}]}}},"/home/ray/git/und-ims/api/api/responses/unauthorized.js":{"path":"/home/ray/git/und-ims/api/api/responses/unauthorized.js","s":{"1":2,"2":2,"3":3,"4":3,"5":3},"b":{"1":[3,1]},"f":{"1":3},"fnMap":{"1":{"name":"(anonymous_1)","line":13,"loc":{"start":{"line":13,"column":17},"end":{"line":13,"column":41}}}},"statementMap":{"1":{"start":{"line":11,"column":0},"end":{"line":11,"column":28}},"2":{"start":{"line":13,"column":0},"end":{"line":22,"column":2}},"3":{"start":{"line":14,"column":2},"end":{"line":18,"column":32}},"4":{"start":{"line":20,"column":2},"end":{"line":20,"column":23}},"5":{"start":{"line":21,"column":2},"end":{"line":21,"column":27}}},"branchMap":{"1":{"line":17,"type":"binary-expr","locations":[{"start":{"line":17,"column":10},"end":{"line":17,"column":14}},{"start":{"line":17,"column":18},"end":{"line":17,"column":20}}]}}},"/home/ray/git/und-ims/api/api/services/CipherService.js":{"path":"/home/ray/git/und-ims/api/api/services/CipherService.js","s":{"1":2,"2":2,"3":2},"b":{},"f":{},"fnMap":{},"statementMap":{"1":{"start":{"line":3,"column":0},"end":{"line":3,"column":47}},"2":{"start":{"line":4,"column":0},"end":{"line":4,"column":55}},"3":{"start":{"line":6,"column":0},"end":{"line":8,"column":2}}},"branchMap":{}},"/home/ray/git/und-ims/api/config/services/cipher.js":{"path":"/home/ray/git/und-ims/api/config/services/cipher.js","s":{"1":2},"b":{},"f":{},"fnMap":{},"statementMap":{"1":{"start":{"line":3,"column":0},"end":{"line":11,"column":2}}},"branchMap":{}},"/home/ray/git/und-ims/api/api/services/HashService.js":{"path":"/home/ray/git/und-ims/api/api/services/HashService.js","s":{"1":2,"2":2,"3":2},"b":{},"f":{},"fnMap":{},"statementMap":{"1":{"start":{"line":3,"column":0},"end":{"line":3,"column":43}},"2":{"start":{"line":4,"column":0},"end":{"line":4,"column":53}},"3":{"start":{"line":6,"column":0},"end":{"line":8,"column":2}}},"branchMap":{}},"/home/ray/git/und-ims/api/config/services/hash.js":{"path":"/home/ray/git/und-ims/api/config/services/hash.js","s":{"1":2},"b":{},"f":{},"fnMap":{},"statementMap":{"1":{"start":{"line":3,"column":0},"end":{"line":9,"column":2}}},"branchMap":{}},"/home/ray/git/und-ims/api/config/additionals.js":{"path":"/home/ray/git/und-ims/api/config/additionals.js","s":{"1":1},"b":{},"f":{},"fnMap":{},"statementMap":{"1":{"start":{"line":10,"column":0},"end":{"line":145,"column":2}}},"branchMap":{}},"/home/ray/git/und-ims/api/config/blueprints.js":{"path":"/home/ray/git/und-ims/api/config/blueprints.js","s":{"1":1},"b":{},"f":{},"fnMap":{},"statementMap":{"1":{"start":{"line":14,"column":0},"end":{"line":78,"column":2}}},"branchMap":{}},"/home/ray/git/und-ims/api/config/bootstrap.js":{"path":"/home/ray/git/und-ims/api/config/bootstrap.js","s":{"1":1,"2":1},"b":{},"f":{},"fnMap":{},"statementMap":{"1":{"start":{"line":9,"column":0},"end":{"line":11,"column":2}},"2":{"start":{"line":10,"column":19},"end":{"line":10,"column":23}}},"branchMap":{}},"/home/ray/git/und-ims/api/config/connections.js":{"path":"/home/ray/git/und-ims/api/config/connections.js","s":{"1":1},"b":{},"f":{},"fnMap":{},"statementMap":{"1":{"start":{"line":15,"column":0},"end":{"line":189,"column":2}}},"branchMap":{}},"/home/ray/git/und-ims/api/config/cors.js":{"path":"/home/ray/git/und-ims/api/config/cors.js","s":{"1":1},"b":{},"f":{},"fnMap":{},"statementMap":{"1":{"start":{"line":11,"column":0},"end":{"line":38,"column":2}}},"branchMap":{}},"/home/ray/git/und-ims/api/config/cron.js":{"path":"/home/ray/git/und-ims/api/config/cron.js","s":{"1":1},"b":{},"f":{},"fnMap":{},"statementMap":{"1":{"start":{"line":22,"column":0},"end":{"line":26,"column":2}}},"branchMap":{}},"/home/ray/git/und-ims/api/config/errors.js":{"path":"/home/ray/git/und-ims/api/config/errors.js","s":{"1":1},"b":{},"f":{},"fnMap":{},"statementMap":{"1":{"start":{"line":10,"column":0},"end":{"line":60,"column":2}}},"branchMap":{}},"/home/ray/git/und-ims/api/config/globals.js":{"path":"/home/ray/git/und-ims/api/config/globals.js","s":{"1":1},"b":{},"f":{},"fnMap":{},"statementMap":{"1":{"start":{"line":8,"column":0},"end":{"line":40,"column":2}}},"branchMap":{}},"/home/ray/git/und-ims/api/config/http.js":{"path":"/home/ray/git/und-ims/api/config/http.js","s":{"1":1,"2":16,"3":16},"b":{},"f":{},"fnMap":{},"statementMap":{"1":{"start":{"line":8,"column":0},"end":{"line":86,"column":2}},"2":{"start":{"line":67,"column":8},"end":{"line":67,"column":44}},"3":{"start":{"line":68,"column":8},"end":{"line":68,"column":15}}},"branchMap":{}},"/home/ray/git/und-ims/api/config/log.js":{"path":"/home/ray/git/und-ims/api/config/log.js","s":{"1":1},"b":{},"f":{},"fnMap":{},"statementMap":{"1":{"start":{"line":12,"column":0},"end":{"line":21,"column":2}}},"branchMap":{}},"/home/ray/git/und-ims/api/config/models.js":{"path":"/home/ray/git/und-ims/api/config/models.js","s":{"1":1},"b":{},"f":{},"fnMap":{},"statementMap":{"1":{"start":{"line":9,"column":0},"end":{"line":24,"column":2}}},"branchMap":{}},"/home/ray/git/und-ims/api/config/passport.js":{"path":"/home/ray/git/und-ims/api/config/passport.js","s":{"1":1,"2":1,"3":1,"4":1,"5":1,"6":1,"7":1,"8":1,"9":1,"10":1,"11":1,"12":1,"13":1,"14":1,"15":1,"16":1,"17":1,"18":1,"19":1,"20":1,"21":1,"22":1,"23":1,"24":1,"25":0,"26":0,"27":0,"28":0,"29":0,"30":0,"31":1,"32":0,"33":0,"34":0,"35":0,"36":1,"37":0,"38":0,"39":0,"40":0,"41":0,"42":0,"43":0,"44":0,"45":0,"46":0,"47":0,"48":1,"49":0,"50":0,"51":0,"52":1,"53":1,"54":1,"55":1,"56":1,"57":1,"58":1,"59":1,"60":1,"61":1,"62":1,"63":1,"64":1,"65":1,"66":1,"67":1,"68":1},"b":{"1":[0,0],"2":[0,0],"3":[0,0],"4":[0,0],"5":[0,0,0],"6":[0,0,0],"7":[0,0,0],"8":[0,0,0],"9":[0,0,0],"10":[0,0],"11":[0,0],"12":[0,0],"13":[0,0]},"f":{"1":0},"fnMap":{"1":{"name":"(anonymous_1)","line":153,"loc":{"start":{"line":153,"column":18},"end":{"line":153,"column":48}}}},"statementMap":{"1":{"start":{"line":8,"column":0},"end":{"line":8,"column":28}},"2":{"start":{"line":9,"column":0},"end":{"line":9,"column":37}},"3":{"start":{"line":10,"column":0},"end":{"line":10,"column":57}},"4":{"start":{"line":11,"column":0},"end":{"line":11,"column":53}},"5":{"start":{"line":12,"column":0},"end":{"line":12,"column":54}},"6":{"start":{"line":13,"column":0},"end":{"line":13,"column":65}},"7":{"start":{"line":14,"column":0},"end":{"line":14,"column":63}},"8":{"start":{"line":15,"column":0},"end":{"line":15,"column":67}},"9":{"start":{"line":16,"column":0},"end":{"line":16,"column":69}},"10":{"start":{"line":17,"column":0},"end":{"line":17,"column":61}},"11":{"start":{"line":18,"column":0},"end":{"line":18,"column":67}},"12":{"start":{"line":19,"column":0},"end":{"line":19,"column":61}},"13":{"start":{"line":20,"column":0},"end":{"line":20,"column":61}},"14":{"start":{"line":21,"column":0},"end":{"line":21,"column":69}},"15":{"start":{"line":22,"column":0},"end":{"line":22,"column":72}},"16":{"start":{"line":23,"column":0},"end":{"line":23,"column":61}},"17":{"start":{"line":24,"column":0},"end":{"line":24,"column":61}},"18":{"start":{"line":25,"column":0},"end":{"line":25,"column":61}},"19":{"start":{"line":26,"column":0},"end":{"line":26,"column":70}},"20":{"start":{"line":27,"column":0},"end":{"line":27,"column":59}},"21":{"start":{"line":34,"column":0},"end":{"line":39,"column":2}},"22":{"start":{"line":46,"column":0},"end":{"line":53,"column":2}},"23":{"start":{"line":60,"column":0},"end":{"line":66,"column":2}},"24":{"start":{"line":76,"column":0},"end":{"line":85,"column":2}},"25":{"start":{"line":77,"column":2},"end":{"line":84,"column":17}},"26":{"start":{"line":80,"column":6},"end":{"line":80,"column":77}},"27":{"start":{"line":80,"column":17},"end":{"line":80,"column":77}},"28":{"start":{"line":81,"column":6},"end":{"line":81,"column":128}},"29":{"start":{"line":81,"column":68},"end":{"line":81,"column":128}},"30":{"start":{"line":82,"column":6},"end":{"line":82,"column":34}},"31":{"start":{"line":94,"column":0},"end":{"line":102,"column":2}},"32":{"start":{"line":95,"column":2},"end":{"line":101,"column":17}},"33":{"start":{"line":98,"column":6},"end":{"line":98,"column":77}},"34":{"start":{"line":98,"column":17},"end":{"line":98,"column":77}},"35":{"start":{"line":99,"column":6},"end":{"line":99,"column":34}},"36":{"start":{"line":113,"column":0},"end":{"line":139,"column":2}},"37":{"start":{"line":114,"column":2},"end":{"line":138,"column":3}},"38":{"start":{"line":115,"column":4},"end":{"line":115,"column":22}},"39":{"start":{"line":116,"column":4},"end":{"line":116,"column":72}},"40":{"start":{"line":118,"column":4},"end":{"line":125,"column":6}},"41":{"start":{"line":126,"column":4},"end":{"line":126,"column":59}},"42":{"start":{"line":128,"column":4},"end":{"line":134,"column":19}},"43":{"start":{"line":131,"column":8},"end":{"line":131,"column":76}},"44":{"start":{"line":131,"column":19},"end":{"line":131,"column":76}},"45":{"start":{"line":132,"column":8},"end":{"line":132,"column":36}},"46":{"start":{"line":136,"column":4},"end":{"line":136,"column":62}},"47":{"start":{"line":137,"column":4},"end":{"line":137,"column":24}},"48":{"start":{"line":141,"column":0},"end":{"line":162,"column":2}},"49":{"start":{"line":154,"column":6},"end":{"line":154,"column":62}},"50":{"start":{"line":154,"column":26},"end":{"line":154,"column":62}},"51":{"start":{"line":156,"column":6},"end":{"line":159,"column":9}},"52":{"start":{"line":164,"column":0},"end":{"line":164,"column":91}},"53":{"start":{"line":165,"column":0},"end":{"line":165,"column":85}},"54":{"start":{"line":166,"column":0},"end":{"line":166,"column":101}},"55":{"start":{"line":167,"column":0},"end":{"line":167,"column":100}},"56":{"start":{"line":168,"column":0},"end":{"line":168,"column":102}},"57":{"start":{"line":169,"column":0},"end":{"line":169,"column":103}},"58":{"start":{"line":170,"column":0},"end":{"line":170,"column":99}},"59":{"start":{"line":171,"column":0},"end":{"line":171,"column":102}},"60":{"start":{"line":172,"column":0},"end":{"line":172,"column":99}},"61":{"start":{"line":173,"column":0},"end":{"line":173,"column":99}},"62":{"start":{"line":174,"column":0},"end":{"line":174,"column":103}},"63":{"start":{"line":175,"column":0},"end":{"line":175,"column":104}},"64":{"start":{"line":176,"column":0},"end":{"line":176,"column":99}},"65":{"start":{"line":177,"column":0},"end":{"line":177,"column":99}},"66":{"start":{"line":178,"column":0},"end":{"line":178,"column":99}},"67":{"start":{"line":179,"column":0},"end":{"line":179,"column":103}},"68":{"start":{"line":180,"column":0},"end":{"line":180,"column":98}}},"branchMap":{"1":{"line":80,"type":"if","locations":[{"start":{"line":80,"column":6},"end":{"line":80,"column":6}},{"start":{"line":80,"column":6},"end":{"line":80,"column":6}}]},"2":{"line":81,"type":"if","locations":[{"start":{"line":81,"column":6},"end":{"line":81,"column":6}},{"start":{"line":81,"column":6},"end":{"line":81,"column":6}}]},"3":{"line":98,"type":"if","locations":[{"start":{"line":98,"column":6},"end":{"line":98,"column":6}},{"start":{"line":98,"column":6},"end":{"line":98,"column":6}}]},"4":{"line":114,"type":"if","locations":[{"start":{"line":114,"column":2},"end":{"line":114,"column":2}},{"start":{"line":114,"column":2},"end":{"line":114,"column":2}}]},"5":{"line":119,"type":"binary-expr","locations":[{"start":{"line":119,"column":16},"end":{"line":119,"column":32}},{"start":{"line":119,"column":36},"end":{"line":119,"column":55}},{"start":{"line":119,"column":59},"end":{"line":119,"column":61}}]},"6":{"line":120,"type":"binary-expr","locations":[{"start":{"line":120,"column":14},"end":{"line":120,"column":31}},{"start":{"line":120,"column":35},"end":{"line":120,"column":58}},{"start":{"line":120,"column":63},"end":{"line":120,"column":65}}]},"7":{"line":121,"type":"binary-expr","locations":[{"start":{"line":121,"column":18},"end":{"line":121,"column":30}},{"start":{"line":121,"column":34},"end":{"line":121,"column":56}},{"start":{"line":121,"column":61},"end":{"line":121,"column":63}}]},"8":{"line":122,"type":"binary-expr","locations":[{"start":{"line":122,"column":17},"end":{"line":122,"column":29}},{"start":{"line":122,"column":33},"end":{"line":122,"column":56}},{"start":{"line":122,"column":61},"end":{"line":122,"column":63}}]},"9":{"line":123,"type":"binary-expr","locations":[{"start":{"line":123,"column":14},"end":{"line":123,"column":31}},{"start":{"line":123,"column":35},"end":{"line":123,"column":58}},{"start":{"line":123,"column":63},"end":{"line":123,"column":65}}]},"10":{"line":131,"type":"if","locations":[{"start":{"line":131,"column":8},"end":{"line":131,"column":8}},{"start":{"line":131,"column":8},"end":{"line":131,"column":8}}]},"11":{"line":154,"type":"if","locations":[{"start":{"line":154,"column":6},"end":{"line":154,"column":6}},{"start":{"line":154,"column":6},"end":{"line":154,"column":6}}]},"12":{"line":154,"type":"binary-expr","locations":[{"start":{"line":154,"column":10},"end":{"line":154,"column":15}},{"start":{"line":154,"column":19},"end":{"line":154,"column":24}}]},"13":{"line":154,"type":"binary-expr","locations":[{"start":{"line":154,"column":47},"end":{"line":154,"column":52}},{"start":{"line":154,"column":56},"end":{"line":154,"column":60}}]}}},"/home/ray/git/und-ims/api/config/policies.js":{"path":"/home/ray/git/und-ims/api/config/policies.js","s":{"1":1},"b":{},"f":{},"fnMap":{},"statementMap":{"1":{"start":{"line":14,"column":0},"end":{"line":26,"column":2}}},"branchMap":{}},"/home/ray/git/und-ims/api/config/routes.js":{"path":"/home/ray/git/und-ims/api/config/routes.js","s":{"1":1},"b":{},"f":{},"fnMap":{},"statementMap":{"1":{"start":{"line":9,"column":0},"end":{"line":34,"column":2}}},"branchMap":{}},"/home/ray/git/und-ims/api/config/env/development.js":{"path":"/home/ray/git/und-ims/api/config/env/development.js","s":{"1":1},"b":{},"f":{},"fnMap":{},"statementMap":{"1":{"start":{"line":8,"column":0},"end":{"line":16,"column":2}}},"branchMap":{}},"/home/ray/git/und-ims/api/api/hooks/CountHook.js":{"path":"/home/ray/git/und-ims/api/api/hooks/CountHook.js","s":{"1":1,"2":1,"3":1,"4":1,"5":0,"6":0,"7":0,"8":0,"9":1,"10":1,"11":1,"12":1,"13":1,"14":1,"15":8,"16":8,"17":0,"18":8,"19":8,"20":8,"21":8,"22":8,"23":1},"b":{"1":[1,1],"2":[0,8],"3":[8,0],"4":[8,8]},"f":{},"fnMap":{},"statementMap":{"1":{"start":{"line":7,"column":0},"end":{"line":7,"column":28}},"2":{"start":{"line":8,"column":0},"end":{"line":8,"column":68}},"3":{"start":{"line":9,"column":0},"end":{"line":9,"column":39}},"4":{"start":{"line":11,"column":0},"end":{"line":16,"column":2}},"5":{"start":{"line":12,"column":2},"end":{"line":12,"column":43}},"6":{"start":{"line":13,"column":2},"end":{"line":13,"column":35}},"7":{"start":{"line":15,"column":2},"end":{"line":15,"column":44}},"8":{"start":{"line":15,"column":27},"end":{"line":15,"column":42}},"9":{"start":{"line":18,"column":0},"end":{"line":46,"column":2}},"10":{"start":{"line":19,"column":2},"end":{"line":45,"column":3}},"11":{"start":{"line":21,"column":6},"end":{"line":21,"column":45}},"12":{"start":{"line":22,"column":6},"end":{"line":22,"column":91}},"13":{"start":{"line":24,"column":6},"end":{"line":41,"column":9}},"14":{"start":{"line":25,"column":8},"end":{"line":39,"column":11}},"15":{"start":{"line":26,"column":10},"end":{"line":26,"column":74}},"16":{"start":{"line":28,"column":10},"end":{"line":28,"column":34}},"17":{"start":{"line":28,"column":27},"end":{"line":28,"column":34}},"18":{"start":{"line":30,"column":10},"end":{"line":30,"column":68}},"19":{"start":{"line":32,"column":10},"end":{"line":34,"column":11}},"20":{"start":{"line":33,"column":12},"end":{"line":33,"column":45}},"21":{"start":{"line":36,"column":10},"end":{"line":36,"column":45}},"22":{"start":{"line":38,"column":10},"end":{"line":38,"column":80}},"23":{"start":{"line":43,"column":6},"end":{"line":43,"column":11}}},"branchMap":{"1":{"line":22,"type":"binary-expr","locations":[{"start":{"line":22,"column":22},"end":{"line":22,"column":65}},{"start":{"line":22,"column":69},"end":{"line":22,"column":90}}]},"2":{"line":28,"type":"if","locations":[{"start":{"line":28,"column":10},"end":{"line":28,"column":10}},{"start":{"line":28,"column":10},"end":{"line":28,"column":10}}]},"3":{"line":32,"type":"if","locations":[{"start":{"line":32,"column":10},"end":{"line":32,"column":10}},{"start":{"line":32,"column":10},"end":{"line":32,"column":10}}]},"4":{"line":32,"type":"binary-expr","locations":[{"start":{"line":32,"column":14},"end":{"line":32,"column":30}},{"start":{"line":32,"column":34},"end":{"line":32,"column":78}}]}}},"/home/ray/git/und-ims/api/api/hooks/PluralizeHook.js":{"path":"/home/ray/git/und-ims/api/api/hooks/PluralizeHook.js","s":{"1":1,"2":1,"3":1,"4":1,"5":1,"6":0,"7":1,"8":11,"9":3,"10":1},"b":{"1":[0,1],"2":[3,8],"3":[11,3]},"f":{},"fnMap":{},"statementMap":{"1":{"start":{"line":8,"column":0},"end":{"line":8,"column":28}},"2":{"start":{"line":10,"column":0},"end":{"line":26,"column":2}},"3":{"start":{"line":11,"column":2},"end":{"line":25,"column":3}},"4":{"start":{"line":13,"column":6},"end":{"line":21,"column":9}},"5":{"start":{"line":14,"column":8},"end":{"line":14,"column":65}},"6":{"start":{"line":14,"column":58},"end":{"line":14,"column":65}},"7":{"start":{"line":16,"column":8},"end":{"line":20,"column":11}},"8":{"start":{"line":17,"column":10},"end":{"line":19,"column":11}},"9":{"start":{"line":18,"column":12},"end":{"line":18,"column":58}},"10":{"start":{"line":23,"column":6},"end":{"line":23,"column":11}}},"branchMap":{"1":{"line":14,"type":"if","locations":[{"start":{"line":14,"column":8},"end":{"line":14,"column":8}},{"start":{"line":14,"column":8},"end":{"line":14,"column":8}}]},"2":{"line":17,"type":"if","locations":[{"start":{"line":17,"column":10},"end":{"line":17,"column":10}},{"start":{"line":17,"column":10},"end":{"line":17,"column":10}}]},"3":{"line":17,"type":"binary-expr","locations":[{"start":{"line":17,"column":14},"end":{"line":17,"column":47}},{"start":{"line":17,"column":51},"end":{"line":17,"column":97}}]}}},"/home/ray/git/und-ims/api/api/responses/custom.js":{"path":"/home/ray/git/und-ims/api/api/responses/custom.js","s":{"1":1,"2":1,"3":6,"4":6,"5":6},"b":{"1":[6,0]},"f":{"1":6},"fnMap":{"1":{"name":"(anonymous_1)","line":14,"loc":{"start":{"line":14,"column":17},"end":{"line":14,"column":41}}}},"statementMap":{"1":{"start":{"line":12,"column":0},"end":{"line":12,"column":28}},"2":{"start":{"line":14,"column":0},"end":{"line":23,"column":2}},"3":{"start":{"line":15,"column":2},"end":{"line":19,"column":32}},"4":{"start":{"line":21,"column":2},"end":{"line":21,"column":23}},"5":{"start":{"line":22,"column":2},"end":{"line":22,"column":27}}},"branchMap":{"1":{"line":18,"type":"binary-expr","locations":[{"start":{"line":18,"column":10},"end":{"line":18,"column":14}},{"start":{"line":18,"column":18},"end":{"line":18,"column":20}}]}}},"/home/ray/git/und-ims/api/api/models/Building.js":{"path":"/home/ray/git/und-ims/api/api/models/Building.js","s":{"1":1,"2":6,"3":1,"4":6,"5":7,"6":7,"7":7,"8":6,"9":6,"10":0,"11":6,"12":6,"13":6,"14":0,"15":6,"16":0,"17":1},"b":{"1":[6,1],"2":[0,6],"3":[6,6],"4":[6,0],"5":[0,6],"6":[6,6]},"f":{"1":6,"2":7,"3":6,"4":6},"fnMap":{"1":{"name":"(anonymous_1)","line":33,"loc":{"start":{"line":33,"column":14},"end":{"line":33,"column":17}}},"2":{"name":"(anonymous_2)","line":40,"loc":{"start":{"line":40,"column":18},"end":{"line":40,"column":33}}},"3":{"name":"(anonymous_3)","line":44,"loc":{"start":{"line":44,"column":33},"end":{"line":44,"column":53}}},"4":{"name":"(anonymous_4)","line":47,"loc":{"start":{"line":47,"column":53},"end":{"line":47,"column":79}}}},"statementMap":{"1":{"start":{"line":8,"column":0},"end":{"line":59,"column":2}},"2":{"start":{"line":34,"column":12},"end":{"line":34,"column":35}},"3":{"start":{"line":38,"column":36},"end":{"line":38,"column":42}},"4":{"start":{"line":39,"column":36},"end":{"line":39,"column":42}},"5":{"start":{"line":41,"column":8},"end":{"line":41,"column":36}},"6":{"start":{"line":42,"column":8},"end":{"line":42,"column":45}},"7":{"start":{"line":43,"column":8},"end":{"line":57,"column":9}},"8":{"start":{"line":44,"column":12},"end":{"line":54,"column":15}},"9":{"start":{"line":45,"column":16},"end":{"line":45,"column":87}},"10":{"start":{"line":45,"column":34},"end":{"line":45,"column":87}},"11":{"start":{"line":46,"column":16},"end":{"line":53,"column":17}},"12":{"start":{"line":47,"column":20},"end":{"line":50,"column":23}},"13":{"start":{"line":48,"column":24},"end":{"line":48,"column":107}},"14":{"start":{"line":48,"column":48},"end":{"line":48,"column":107}},"15":{"start":{"line":49,"column":24},"end":{"line":49,"column":38}},"16":{"start":{"line":52,"column":20},"end":{"line":52,"column":34}},"17":{"start":{"line":56,"column":12},"end":{"line":56,"column":26}}},"branchMap":{"1":{"line":43,"type":"if","locations":[{"start":{"line":43,"column":8},"end":{"line":43,"column":8}},{"start":{"line":43,"column":8},"end":{"line":43,"column":8}}]},"2":{"line":45,"type":"if","locations":[{"start":{"line":45,"column":16},"end":{"line":45,"column":16}},{"start":{"line":45,"column":16},"end":{"line":45,"column":16}}]},"3":{"line":45,"type":"binary-expr","locations":[{"start":{"line":45,"column":20},"end":{"line":45,"column":23}},{"start":{"line":45,"column":27},"end":{"line":45,"column":32}}]},"4":{"line":46,"type":"if","locations":[{"start":{"line":46,"column":16},"end":{"line":46,"column":16}},{"start":{"line":46,"column":16},"end":{"line":46,"column":16}}]},"5":{"line":48,"type":"if","locations":[{"start":{"line":48,"column":24},"end":{"line":48,"column":24}},{"start":{"line":48,"column":24},"end":{"line":48,"column":24}}]},"6":{"line":48,"type":"binary-expr","locations":[{"start":{"line":48,"column":28},"end":{"line":48,"column":31}},{"start":{"line":48,"column":35},"end":{"line":48,"column":46}}]}}},"/home/ray/git/und-ims/api/api/models/Department.js":{"path":"/home/ray/git/und-ims/api/api/models/Department.js","s":{"1":1,"2":3,"3":1,"4":8,"5":9,"6":9,"7":8,"8":8,"9":0,"10":8,"11":1},"b":{"1":[8,1],"2":[0,8],"3":[8,8]},"f":{"1":3,"2":9,"3":8},"fnMap":{"1":{"name":"(anonymous_1)","line":28,"loc":{"start":{"line":28,"column":14},"end":{"line":28,"column":17}}},"2":{"name":"(anonymous_2)","line":35,"loc":{"start":{"line":35,"column":18},"end":{"line":35,"column":33}}},"3":{"name":"(anonymous_3)","line":38,"loc":{"start":{"line":38,"column":29},"end":{"line":38,"column":49}}}},"statementMap":{"1":{"start":{"line":8,"column":0},"end":{"line":47,"column":2}},"2":{"start":{"line":29,"column":12},"end":{"line":29,"column":35}},"3":{"start":{"line":33,"column":36},"end":{"line":33,"column":42}},"4":{"start":{"line":34,"column":36},"end":{"line":34,"column":42}},"5":{"start":{"line":36,"column":4},"end":{"line":36,"column":32}},"6":{"start":{"line":37,"column":4},"end":{"line":44,"column":5}},"7":{"start":{"line":38,"column":8},"end":{"line":41,"column":11}},"8":{"start":{"line":39,"column":12},"end":{"line":39,"column":83}},"9":{"start":{"line":39,"column":30},"end":{"line":39,"column":83}},"10":{"start":{"line":40,"column":12},"end":{"line":40,"column":26}},"11":{"start":{"line":43,"column":12},"end":{"line":43,"column":26}}},"branchMap":{"1":{"line":37,"type":"if","locations":[{"start":{"line":37,"column":4},"end":{"line":37,"column":4}},{"start":{"line":37,"column":4},"end":{"line":37,"column":4}}]},"2":{"line":39,"type":"if","locations":[{"start":{"line":39,"column":12},"end":{"line":39,"column":12}},{"start":{"line":39,"column":12},"end":{"line":39,"column":12}}]},"3":{"line":39,"type":"binary-expr","locations":[{"start":{"line":39,"column":16},"end":{"line":39,"column":19}},{"start":{"line":39,"column":23},"end":{"line":39,"column":28}}]}}},"/home/ray/git/und-ims/api/api/models/Item.js":{"path":"/home/ray/git/und-ims/api/api/models/Item.js","s":{"1":1,"2":4,"3":1,"4":2,"5":4,"6":4,"7":4,"8":4,"9":2,"10":2,"11":0,"12":2,"13":2,"14":2,"15":0,"16":2,"17":2,"18":2,"19":0,"20":2,"21":0,"22":0,"23":2},"b":{"1":[2,2],"2":[0,2],"3":[2,2],"4":[2,0],"5":[0,2],"6":[2,2],"7":[2,0],"8":[0,2],"9":[2,2]},"f":{"1":4,"2":4,"3":2,"4":2,"5":2},"fnMap":{"1":{"name":"(anonymous_1)","line":47,"loc":{"start":{"line":47,"column":14},"end":{"line":47,"column":17}}},"2":{"name":"(anonymous_2)","line":54,"loc":{"start":{"line":54,"column":18},"end":{"line":54,"column":33}}},"3":{"name":"(anonymous_3)","line":59,"loc":{"start":{"line":59,"column":33},"end":{"line":59,"column":53}}},"4":{"name":"(anonymous_4)","line":62,"loc":{"start":{"line":62,"column":41},"end":{"line":62,"column":61}}},"5":{"name":"(anonymous_5)","line":65,"loc":{"start":{"line":65,"column":53},"end":{"line":65,"column":73}}}},"statementMap":{"1":{"start":{"line":8,"column":0},"end":{"line":81,"column":2}},"2":{"start":{"line":48,"column":12},"end":{"line":48,"column":35}},"3":{"start":{"line":52,"column":36},"end":{"line":52,"column":42}},"4":{"start":{"line":53,"column":36},"end":{"line":53,"column":42}},"5":{"start":{"line":55,"column":8},"end":{"line":55,"column":36}},"6":{"start":{"line":56,"column":8},"end":{"line":56,"column":33}},"7":{"start":{"line":57,"column":8},"end":{"line":57,"column":33}},"8":{"start":{"line":58,"column":8},"end":{"line":79,"column":9}},"9":{"start":{"line":59,"column":12},"end":{"line":76,"column":15}},"10":{"start":{"line":60,"column":16},"end":{"line":60,"column":87}},"11":{"start":{"line":60,"column":34},"end":{"line":60,"column":87}},"12":{"start":{"line":61,"column":16},"end":{"line":75,"column":17}},"13":{"start":{"line":62,"column":20},"end":{"line":72,"column":23}},"14":{"start":{"line":63,"column":24},"end":{"line":63,"column":95}},"15":{"start":{"line":63,"column":42},"end":{"line":63,"column":95}},"16":{"start":{"line":64,"column":24},"end":{"line":71,"column":25}},"17":{"start":{"line":65,"column":28},"end":{"line":68,"column":31}},"18":{"start":{"line":66,"column":32},"end":{"line":66,"column":107}},"19":{"start":{"line":66,"column":50},"end":{"line":66,"column":107}},"20":{"start":{"line":67,"column":32},"end":{"line":67,"column":46}},"21":{"start":{"line":70,"column":28},"end":{"line":70,"column":42}},"22":{"start":{"line":74,"column":20},"end":{"line":74,"column":34}},"23":{"start":{"line":78,"column":12},"end":{"line":78,"column":26}}},"branchMap":{"1":{"line":58,"type":"if","locations":[{"start":{"line":58,"column":8},"end":{"line":58,"column":8}},{"start":{"line":58,"column":8},"end":{"line":58,"column":8}}]},"2":{"line":60,"type":"if","locations":[{"start":{"line":60,"column":16},"end":{"line":60,"column":16}},{"start":{"line":60,"column":16},"end":{"line":60,"column":16}}]},"3":{"line":60,"type":"binary-expr","locations":[{"start":{"line":60,"column":20},"end":{"line":60,"column":23}},{"start":{"line":60,"column":27},"end":{"line":60,"column":32}}]},"4":{"line":61,"type":"if","locations":[{"start":{"line":61,"column":16},"end":{"line":61,"column":16}},{"start":{"line":61,"column":16},"end":{"line":61,"column":16}}]},"5":{"line":63,"type":"if","locations":[{"start":{"line":63,"column":24},"end":{"line":63,"column":24}},{"start":{"line":63,"column":24},"end":{"line":63,"column":24}}]},"6":{"line":63,"type":"binary-expr","locations":[{"start":{"line":63,"column":28},"end":{"line":63,"column":31}},{"start":{"line":63,"column":35},"end":{"line":63,"column":40}}]},"7":{"line":64,"type":"if","locations":[{"start":{"line":64,"column":24},"end":{"line":64,"column":24}},{"start":{"line":64,"column":24},"end":{"line":64,"column":24}}]},"8":{"line":66,"type":"if","locations":[{"start":{"line":66,"column":32},"end":{"line":66,"column":32}},{"start":{"line":66,"column":32},"end":{"line":66,"column":32}}]},"9":{"line":66,"type":"binary-expr","locations":[{"start":{"line":66,"column":36},"end":{"line":66,"column":39}},{"start":{"line":66,"column":43},"end":{"line":66,"column":48}}]}}},"/home/ray/git/und-ims/api/api/models/Itemtype.js":{"path":"/home/ray/git/und-ims/api/api/models/Itemtype.js","s":{"1":1,"2":1,"3":1,"4":3,"5":4,"6":4,"7":3,"8":3,"9":0,"10":3,"11":1},"b":{"1":[3,1],"2":[0,3],"3":[3,3]},"f":{"1":1,"2":4,"3":3},"fnMap":{"1":{"name":"(anonymous_1)","line":32,"loc":{"start":{"line":32,"column":14},"end":{"line":32,"column":17}}},"2":{"name":"(anonymous_2)","line":39,"loc":{"start":{"line":39,"column":18},"end":{"line":39,"column":33}}},"3":{"name":"(anonymous_3)","line":42,"loc":{"start":{"line":42,"column":33},"end":{"line":42,"column":53}}}},"statementMap":{"1":{"start":{"line":8,"column":0},"end":{"line":50,"column":2}},"2":{"start":{"line":33,"column":12},"end":{"line":33,"column":35}},"3":{"start":{"line":37,"column":36},"end":{"line":37,"column":42}},"4":{"start":{"line":38,"column":36},"end":{"line":38,"column":42}},"5":{"start":{"line":40,"column":8},"end":{"line":40,"column":36}},"6":{"start":{"line":41,"column":8},"end":{"line":48,"column":9}},"7":{"start":{"line":42,"column":12},"end":{"line":45,"column":15}},"8":{"start":{"line":43,"column":16},"end":{"line":43,"column":87}},"9":{"start":{"line":43,"column":34},"end":{"line":43,"column":87}},"10":{"start":{"line":44,"column":16},"end":{"line":44,"column":30}},"11":{"start":{"line":47,"column":12},"end":{"line":47,"column":26}}},"branchMap":{"1":{"line":41,"type":"if","locations":[{"start":{"line":41,"column":8},"end":{"line":41,"column":8}},{"start":{"line":41,"column":8},"end":{"line":41,"column":8}}]},"2":{"line":43,"type":"if","locations":[{"start":{"line":43,"column":16},"end":{"line":43,"column":16}},{"start":{"line":43,"column":16},"end":{"line":43,"column":16}}]},"3":{"line":43,"type":"binary-expr","locations":[{"start":{"line":43,"column":20},"end":{"line":43,"column":23}},{"start":{"line":43,"column":27},"end":{"line":43,"column":32}}]}}},"/home/ray/git/und-ims/api/api/models/Log.js":{"path":"/home/ray/git/und-ims/api/api/models/Log.js","s":{"1":1,"2":0,"3":0,"4":0,"5":0},"b":{},"f":{"1":0},"fnMap":{"1":{"name":"(anonymous_1)","line":33,"loc":{"start":{"line":33,"column":10},"end":{"line":33,"column":13}}}},"statementMap":{"1":{"start":{"line":8,"column":0},"end":{"line":41,"column":2}},"2":{"start":{"line":34,"column":6},"end":{"line":34,"column":29}},"3":{"start":{"line":38,"column":34},"end":{"line":38,"column":40}},"4":{"start":{"line":39,"column":34},"end":{"line":39,"column":40}},"5":{"start":{"line":40,"column":36},"end":{"line":40,"column":42}}},"branchMap":{}},"/home/ray/git/und-ims/api/api/models/Permission.js":{"path":"/home/ray/git/und-ims/api/api/models/Permission.js","s":{"1":1,"2":0,"3":0,"4":0,"5":0,"6":0,"7":0,"8":0,"9":0,"10":0,"11":0},"b":{"1":[0,0],"2":[0,0],"3":[0,0]},"f":{"1":0,"2":0,"3":0},"fnMap":{"1":{"name":"(anonymous_1)","line":68,"loc":{"start":{"line":68,"column":14},"end":{"line":68,"column":17}}},"2":{"name":"(anonymous_2)","line":75,"loc":{"start":{"line":75,"column":18},"end":{"line":75,"column":33}}},"3":{"name":"(anonymous_3)","line":78,"loc":{"start":{"line":78,"column":29},"end":{"line":78,"column":49}}}},"statementMap":{"1":{"start":{"line":8,"column":0},"end":{"line":87,"column":2}},"2":{"start":{"line":69,"column":12},"end":{"line":69,"column":35}},"3":{"start":{"line":73,"column":36},"end":{"line":73,"column":42}},"4":{"start":{"line":74,"column":36},"end":{"line":74,"column":42}},"5":{"start":{"line":76,"column":4},"end":{"line":76,"column":32}},"6":{"start":{"line":77,"column":4},"end":{"line":84,"column":5}},"7":{"start":{"line":78,"column":8},"end":{"line":81,"column":11}},"8":{"start":{"line":79,"column":12},"end":{"line":79,"column":83}},"9":{"start":{"line":79,"column":30},"end":{"line":79,"column":83}},"10":{"start":{"line":80,"column":12},"end":{"line":80,"column":26}},"11":{"start":{"line":83,"column":12},"end":{"line":83,"column":26}}},"branchMap":{"1":{"line":77,"type":"if","locations":[{"start":{"line":77,"column":4},"end":{"line":77,"column":4}},{"start":{"line":77,"column":4},"end":{"line":77,"column":4}}]},"2":{"line":79,"type":"if","locations":[{"start":{"line":79,"column":12},"end":{"line":79,"column":12}},{"start":{"line":79,"column":12},"end":{"line":79,"column":12}}]},"3":{"line":79,"type":"binary-expr","locations":[{"start":{"line":79,"column":16},"end":{"line":79,"column":19}},{"start":{"line":79,"column":23},"end":{"line":79,"column":28}}]}}},"/home/ray/git/und-ims/api/api/models/Room.js":{"path":"/home/ray/git/und-ims/api/api/models/Room.js","s":{"1":1,"2":7,"3":1,"4":4,"5":5,"6":5,"7":5,"8":4,"9":4,"10":0,"11":4,"12":4,"13":4,"14":0,"15":4,"16":0,"17":1},"b":{"1":[4,1],"2":[0,4],"3":[4,4],"4":[4,0],"5":[0,4],"6":[4,4]},"f":{"1":7,"2":5,"3":4,"4":4},"fnMap":{"1":{"name":"(anonymous_1)","line":32,"loc":{"start":{"line":32,"column":14},"end":{"line":32,"column":17}}},"2":{"name":"(anonymous_2)","line":39,"loc":{"start":{"line":39,"column":18},"end":{"line":39,"column":33}}},"3":{"name":"(anonymous_3)","line":43,"loc":{"start":{"line":43,"column":33},"end":{"line":43,"column":53}}},"4":{"name":"(anonymous_4)","line":46,"loc":{"start":{"line":46,"column":49},"end":{"line":46,"column":73}}}},"statementMap":{"1":{"start":{"line":8,"column":0},"end":{"line":58,"column":2}},"2":{"start":{"line":33,"column":12},"end":{"line":33,"column":35}},"3":{"start":{"line":37,"column":36},"end":{"line":37,"column":42}},"4":{"start":{"line":38,"column":36},"end":{"line":38,"column":42}},"5":{"start":{"line":40,"column":8},"end":{"line":40,"column":36}},"6":{"start":{"line":41,"column":8},"end":{"line":41,"column":41}},"7":{"start":{"line":42,"column":8},"end":{"line":56,"column":9}},"8":{"start":{"line":43,"column":12},"end":{"line":53,"column":15}},"9":{"start":{"line":44,"column":16},"end":{"line":44,"column":87}},"10":{"start":{"line":44,"column":34},"end":{"line":44,"column":87}},"11":{"start":{"line":45,"column":16},"end":{"line":52,"column":17}},"12":{"start":{"line":46,"column":20},"end":{"line":49,"column":23}},"13":{"start":{"line":47,"column":24},"end":{"line":47,"column":103}},"14":{"start":{"line":47,"column":46},"end":{"line":47,"column":103}},"15":{"start":{"line":48,"column":24},"end":{"line":48,"column":38}},"16":{"start":{"line":51,"column":20},"end":{"line":51,"column":34}},"17":{"start":{"line":55,"column":12},"end":{"line":55,"column":26}}},"branchMap":{"1":{"line":42,"type":"if","locations":[{"start":{"line":42,"column":8},"end":{"line":42,"column":8}},{"start":{"line":42,"column":8},"end":{"line":42,"column":8}}]},"2":{"line":44,"type":"if","locations":[{"start":{"line":44,"column":16},"end":{"line":44,"column":16}},{"start":{"line":44,"column":16},"end":{"line":44,"column":16}}]},"3":{"line":44,"type":"binary-expr","locations":[{"start":{"line":44,"column":20},"end":{"line":44,"column":23}},{"start":{"line":44,"column":27},"end":{"line":44,"column":32}}]},"4":{"line":45,"type":"if","locations":[{"start":{"line":45,"column":16},"end":{"line":45,"column":16}},{"start":{"line":45,"column":16},"end":{"line":45,"column":16}}]},"5":{"line":47,"type":"if","locations":[{"start":{"line":47,"column":24},"end":{"line":47,"column":24}},{"start":{"line":47,"column":24},"end":{"line":47,"column":24}}]},"6":{"line":47,"type":"binary-expr","locations":[{"start":{"line":47,"column":28},"end":{"line":47,"column":31}},{"start":{"line":47,"column":35},"end":{"line":47,"column":44}}]}}},"/home/ray/git/und-ims/api/api/models/User.js":{"path":"/home/ray/git/und-ims/api/api/models/User.js","s":{"1":1,"2":1,"3":1,"4":1,"5":1,"6":0,"7":1,"8":0,"9":1,"10":1,"11":1,"12":10,"13":0,"14":10,"15":10,"16":10},"b":{"1":[0,1],"2":[0,1],"3":[0,10]},"f":{"1":1,"2":1,"3":10},"fnMap":{"1":{"name":"(anonymous_1)","line":44,"loc":{"start":{"line":44,"column":14},"end":{"line":44,"column":17}}},"2":{"name":"(anonymous_2)","line":53,"loc":{"start":{"line":53,"column":16},"end":{"line":53,"column":31}}},"3":{"name":"(anonymous_3)","line":65,"loc":{"start":{"line":65,"column":16},"end":{"line":65,"column":31}}}},"statementMap":{"1":{"start":{"line":8,"column":0},"end":{"line":75,"column":2}},"2":{"start":{"line":45,"column":12},"end":{"line":45,"column":38}},"3":{"start":{"line":47,"column":12},"end":{"line":47,"column":32}},"4":{"start":{"line":49,"column":12},"end":{"line":49,"column":23}},"5":{"start":{"line":54,"column":8},"end":{"line":54,"column":71}},"6":{"start":{"line":54,"column":57},"end":{"line":54,"column":71}},"7":{"start":{"line":55,"column":8},"end":{"line":55,"column":79}},"8":{"start":{"line":55,"column":65},"end":{"line":55,"column":79}},"9":{"start":{"line":57,"column":8},"end":{"line":62,"column":25}},"10":{"start":{"line":59,"column":16},"end":{"line":59,"column":39}},"11":{"start":{"line":60,"column":16},"end":{"line":60,"column":23}},"12":{"start":{"line":66,"column":8},"end":{"line":66,"column":71}},"13":{"start":{"line":66,"column":57},"end":{"line":66,"column":71}},"14":{"start":{"line":68,"column":8},"end":{"line":73,"column":25}},"15":{"start":{"line":70,"column":16},"end":{"line":70,"column":39}},"16":{"start":{"line":71,"column":16},"end":{"line":71,"column":23}}},"branchMap":{"1":{"line":54,"type":"if","locations":[{"start":{"line":54,"column":8},"end":{"line":54,"column":8}},{"start":{"line":54,"column":8},"end":{"line":54,"column":8}}]},"2":{"line":55,"type":"if","locations":[{"start":{"line":55,"column":8},"end":{"line":55,"column":8}},{"start":{"line":55,"column":8},"end":{"line":55,"column":8}}]},"3":{"line":66,"type":"if","locations":[{"start":{"line":66,"column":8},"end":{"line":66,"column":8}},{"start":{"line":66,"column":8},"end":{"line":66,"column":8}}]}}},"/home/ray/git/und-ims/api/api/blueprints/add.js":{"path":"/home/ray/git/und-ims/api/api/blueprints/add.js","s":{"1":1},"b":{},"f":{},"fnMap":{},"statementMap":{"1":{"start":{"line":13,"column":0},"end":{"line":13,"column":67}}},"branchMap":{}},"/home/ray/git/und-ims/api/api/blueprints/create.js":{"path":"/home/ray/git/und-ims/api/api/blueprints/create.js","s":{"1":1,"2":1,"3":1,"4":0,"5":0,"6":0},"b":{},"f":{},"fnMap":{},"statementMap":{"1":{"start":{"line":3,"column":0},"end":{"line":3,"column":28}},"2":{"start":{"line":4,"column":0},"end":{"line":4,"column":68}},"3":{"start":{"line":12,"column":0},"end":{"line":20,"column":2}},"4":{"start":{"line":13,"column":2},"end":{"line":13,"column":43}},"5":{"start":{"line":14,"column":2},"end":{"line":14,"column":45}},"6":{"start":{"line":16,"column":2},"end":{"line":19,"column":26}}},"branchMap":{}},"/home/ray/git/und-ims/api/api/blueprints/destroy.js":{"path":"/home/ray/git/und-ims/api/api/blueprints/destroy.js","s":{"1":1,"2":1,"3":0,"4":0,"5":0,"6":0},"b":{"1":[0,0]},"f":{},"fnMap":{},"statementMap":{"1":{"start":{"line":3,"column":0},"end":{"line":3,"column":68}},"2":{"start":{"line":11,"column":0},"end":{"line":19,"column":2}},"3":{"start":{"line":12,"column":2},"end":{"line":12,"column":43}},"4":{"start":{"line":13,"column":2},"end":{"line":13,"column":39}},"5":{"start":{"line":15,"column":2},"end":{"line":18,"column":26}},"6":{"start":{"line":17,"column":21},"end":{"line":17,"column":69}}},"branchMap":{"1":{"line":17,"type":"cond-expr","locations":[{"start":{"line":17,"column":34},"end":{"line":17,"column":52}},{"start":{"line":17,"column":55},"end":{"line":17,"column":69}}]}}},"/home/ray/git/und-ims/api/api/blueprints/find.js":{"path":"/home/ray/git/und-ims/api/api/blueprints/find.js","s":{"1":1,"2":1,"3":1,"4":0,"5":1,"6":0,"7":1,"8":0,"9":0,"10":0,"11":0,"12":0,"13":0,"14":0,"15":0,"16":0,"17":0,"18":0,"19":0},"b":{"1":[0,0],"2":[0,0],"3":[0,0],"4":[0,0]},"f":{},"fnMap":{},"statementMap":{"1":{"start":{"line":3,"column":0},"end":{"line":3,"column":28}},"2":{"start":{"line":4,"column":0},"end":{"line":4,"column":68}},"3":{"start":{"line":6,"column":0},"end":{"line":6,"column":58}},"4":{"start":{"line":6,"column":46},"end":{"line":6,"column":56}},"5":{"start":{"line":7,"column":0},"end":{"line":7,"column":62}},"6":{"start":{"line":7,"column":40},"end":{"line":7,"column":61}},"7":{"start":{"line":16,"column":0},"end":{"line":41,"column":2}},"8":{"start":{"line":17,"column":2},"end":{"line":17,"column":100}},"9":{"start":{"line":19,"column":2},"end":{"line":19,"column":93}},"10":{"start":{"line":20,"column":2},"end":{"line":20,"column":99}},"11":{"start":{"line":21,"column":2},"end":{"line":21,"column":43}},"12":{"start":{"line":22,"column":2},"end":{"line":22,"column":46}},"13":{"start":{"line":23,"column":2},"end":{"line":23,"column":43}},"14":{"start":{"line":24,"column":2},"end":{"line":24,"column":70}},"15":{"start":{"line":25,"column":2},"end":{"line":25,"column":41}},"16":{"start":{"line":26,"column":2},"end":{"line":26,"column":126}},"17":{"start":{"line":27,"column":2},"end":{"line":27,"column":108}},"18":{"start":{"line":29,"column":2},"end":{"line":40,"column":26}},"19":{"start":{"line":30,"column":21},"end":{"line":38,"column":6}}},"branchMap":{"1":{"line":19,"type":"cond-expr","locations":[{"start":{"line":19,"column":39},"end":{"line":19,"column":87}},{"start":{"line":19,"column":90},"end":{"line":19,"column":92}}]},"2":{"line":20,"type":"cond-expr","locations":[{"start":{"line":20,"column":43},"end":{"line":20,"column":93}},{"start":{"line":20,"column":96},"end":{"line":20,"column":98}}]},"3":{"line":24,"type":"binary-expr","locations":[{"start":{"line":24,"column":15},"end":{"line":24,"column":40}},{"start":{"line":24,"column":44},"end":{"line":24,"column":69}}]},"4":{"line":26,"type":"cond-expr","locations":[{"start":{"line":26,"column":53},"end":{"line":26,"column":69}},{"start":{"line":26,"column":72},"end":{"line":26,"column":76}}]}}},"/home/ray/git/und-ims/api/api/blueprints/findone.js":{"path":"/home/ray/git/und-ims/api/api/blueprints/findone.js","s":{"1":1,"2":1,"3":1,"4":0,"5":1,"6":0,"7":1,"8":0,"9":0,"10":0,"11":0,"12":0,"13":0,"14":0,"15":0,"16":0},"b":{"1":[0,0],"2":[0,0],"3":[0,0],"4":[0,0]},"f":{},"fnMap":{},"statementMap":{"1":{"start":{"line":3,"column":0},"end":{"line":3,"column":28}},"2":{"start":{"line":4,"column":0},"end":{"line":4,"column":68}},"3":{"start":{"line":6,"column":0},"end":{"line":6,"column":60}},"4":{"start":{"line":6,"column":48},"end":{"line":6,"column":58}},"5":{"start":{"line":7,"column":0},"end":{"line":7,"column":64}},"6":{"start":{"line":7,"column":42},"end":{"line":7,"column":63}},"7":{"start":{"line":15,"column":0},"end":{"line":28,"column":2}},"8":{"start":{"line":16,"column":2},"end":{"line":16,"column":100}},"9":{"start":{"line":18,"column":2},"end":{"line":18,"column":93}},"10":{"start":{"line":19,"column":2},"end":{"line":19,"column":99}},"11":{"start":{"line":20,"column":2},"end":{"line":20,"column":43}},"12":{"start":{"line":21,"column":2},"end":{"line":21,"column":39}},"13":{"start":{"line":22,"column":2},"end":{"line":22,"column":76}},"14":{"start":{"line":23,"column":2},"end":{"line":23,"column":112}},"15":{"start":{"line":25,"column":2},"end":{"line":27,"column":26}},"16":{"start":{"line":26,"column":20},"end":{"line":26,"column":66}}},"branchMap":{"1":{"line":18,"type":"cond-expr","locations":[{"start":{"line":18,"column":39},"end":{"line":18,"column":87}},{"start":{"line":18,"column":90},"end":{"line":18,"column":92}}]},"2":{"line":19,"type":"cond-expr","locations":[{"start":{"line":19,"column":43},"end":{"line":19,"column":93}},{"start":{"line":19,"column":96},"end":{"line":19,"column":98}}]},"3":{"line":22,"type":"cond-expr","locations":[{"start":{"line":22,"column":51},"end":{"line":22,"column":67}},{"start":{"line":22,"column":70},"end":{"line":22,"column":74}}]},"4":{"line":26,"type":"cond-expr","locations":[{"start":{"line":26,"column":32},"end":{"line":26,"column":49}},{"start":{"line":26,"column":52},"end":{"line":26,"column":66}}]}}},"/home/ray/git/und-ims/api/api/blueprints/populate.js":{"path":"/home/ray/git/und-ims/api/api/blueprints/populate.js","s":{"1":1},"b":{},"f":{},"fnMap":{},"statementMap":{"1":{"start":{"line":9,"column":0},"end":{"line":9,"column":72}}},"branchMap":{}},"/home/ray/git/und-ims/api/api/blueprints/remove.js":{"path":"/home/ray/git/und-ims/api/api/blueprints/remove.js","s":{"1":1},"b":{},"f":{},"fnMap":{},"statementMap":{"1":{"start":{"line":8,"column":0},"end":{"line":8,"column":70}}},"branchMap":{}},"/home/ray/git/und-ims/api/api/blueprints/update.js":{"path":"/home/ray/git/und-ims/api/api/blueprints/update.js","s":{"1":1,"2":1,"3":1,"4":0,"5":0,"6":0,"7":0,"8":0},"b":{"1":[0,0]},"f":{},"fnMap":{},"statementMap":{"1":{"start":{"line":3,"column":0},"end":{"line":3,"column":28}},"2":{"start":{"line":4,"column":0},"end":{"line":4,"column":68}},"3":{"start":{"line":12,"column":0},"end":{"line":21,"column":2}},"4":{"start":{"line":13,"column":2},"end":{"line":13,"column":43}},"5":{"start":{"line":14,"column":2},"end":{"line":14,"column":39}},"6":{"start":{"line":15,"column":2},"end":{"line":15,"column":45}},"7":{"start":{"line":17,"column":2},"end":{"line":20,"column":26}},"8":{"start":{"line":19,"column":21},"end":{"line":19,"column":69}}},"branchMap":{"1":{"line":19,"type":"cond-expr","locations":[{"start":{"line":19,"column":34},"end":{"line":19,"column":52}},{"start":{"line":19,"column":55},"end":{"line":19,"column":69}}]}}},"/home/ray/git/und-ims/api/api/controllers/AuthController.js":{"path":"/home/ray/git/und-ims/api/api/controllers/AuthController.js","s":{"1":1,"2":1,"3":1,"4":0,"5":0,"6":0,"7":0,"8":0,"9":0,"10":0,"11":0,"12":0,"13":0,"14":0,"15":0,"16":0,"17":0,"18":0},"b":{"1":[0,0],"2":[0,0],"3":[0,0]},"f":{"1":0,"2":0,"3":0,"4":0},"fnMap":{"1":{"name":"(anonymous_1)","line":17,"loc":{"start":{"line":17,"column":8},"end":{"line":17,"column":19}}},"2":{"name":"(anonymous_2)","line":26,"loc":{"start":{"line":26,"column":8},"end":{"line":26,"column":19}}},"3":{"name":"(anonymous_3)","line":43,"loc":{"start":{"line":43,"column":8},"end":{"line":43,"column":19}}},"4":{"name":"(anonymous_4)","line":62,"loc":{"start":{"line":62,"column":15},"end":{"line":62,"column":26}}}},"statementMap":{"1":{"start":{"line":8,"column":0},"end":{"line":8,"column":28}},"2":{"start":{"line":9,"column":0},"end":{"line":9,"column":37}},"3":{"start":{"line":11,"column":0},"end":{"line":71,"column":2}},"4":{"start":{"line":18,"column":4},"end":{"line":18,"column":104}},"5":{"start":{"line":27,"column":4},"end":{"line":27,"column":49}},"6":{"start":{"line":29,"column":4},"end":{"line":35,"column":28}},"7":{"start":{"line":32,"column":8},"end":{"line":32,"column":79}},"8":{"start":{"line":44,"column":4},"end":{"line":44,"column":75}},"9":{"start":{"line":45,"column":4},"end":{"line":45,"column":51}},"10":{"start":{"line":47,"column":4},"end":{"line":49,"column":5}},"11":{"start":{"line":48,"column":6},"end":{"line":48,"column":83}},"12":{"start":{"line":51,"column":4},"end":{"line":54,"column":17}},"13":{"start":{"line":52,"column":6},"end":{"line":52,"column":22}},"14":{"start":{"line":53,"column":6},"end":{"line":53,"column":111}},"15":{"start":{"line":63,"column":4},"end":{"line":63,"column":104}},"16":{"start":{"line":63,"column":29},"end":{"line":63,"column":104}},"17":{"start":{"line":65,"column":4},"end":{"line":65,"column":72}},"18":{"start":{"line":67,"column":4},"end":{"line":69,"column":7}}},"branchMap":{"1":{"line":44,"type":"cond-expr","locations":[{"start":{"line":44,"column":37},"end":{"line":44,"column":68}},{"start":{"line":44,"column":71},"end":{"line":44,"column":74}}]},"2":{"line":47,"type":"if","locations":[{"start":{"line":47,"column":4},"end":{"line":47,"column":4}},{"start":{"line":47,"column":4},"end":{"line":47,"column":4}}]},"3":{"line":63,"type":"if","locations":[{"start":{"line":63,"column":4},"end":{"line":63,"column":4}},{"start":{"line":63,"column":4},"end":{"line":63,"column":4}}]}}},"/home/ray/git/und-ims/api/api/controllers/BuildingController.js":{"path":"/home/ray/git/und-ims/api/api/controllers/BuildingController.js","s":{"1":1,"2":2,"3":2,"4":0,"5":2,"6":2,"7":1,"8":1,"9":1,"10":1,"11":0,"12":1,"13":2,"14":2,"15":0,"16":2,"17":2,"18":1,"19":1},"b":{"1":[0,2],"2":[1,1],"3":[2,2],"4":[0,1],"5":[1,1,1],"6":[0,2],"7":[1,1],"8":[2,2]},"f":{"1":2,"2":2,"3":1,"4":1,"5":2,"6":2},"fnMap":{"1":{"name":"(anonymous_1)","line":9,"loc":{"start":{"line":9,"column":7},"end":{"line":9,"column":32}}},"2":{"name":"(anonymous_2)","line":14,"loc":{"start":{"line":14,"column":54},"end":{"line":14,"column":78}}},"3":{"name":"(anonymous_3)","line":20,"loc":{"start":{"line":20,"column":8},"end":{"line":20,"column":33}}},"4":{"name":"(anonymous_4)","line":21,"loc":{"start":{"line":21,"column":41},"end":{"line":21,"column":66}}},"5":{"name":"(anonymous_5)","line":27,"loc":{"start":{"line":27,"column":13},"end":{"line":27,"column":38}}},"6":{"name":"(anonymous_6)","line":32,"loc":{"start":{"line":32,"column":62},"end":{"line":32,"column":89}}}},"statementMap":{"1":{"start":{"line":8,"column":0},"end":{"line":37,"column":2}},"2":{"start":{"line":10,"column":2},"end":{"line":10,"column":35}},"3":{"start":{"line":11,"column":2},"end":{"line":13,"column":3}},"4":{"start":{"line":12,"column":3},"end":{"line":12,"column":58}},"5":{"start":{"line":14,"column":2},"end":{"line":17,"column":5}},"6":{"start":{"line":15,"column":3},"end":{"line":15,"column":82}},"7":{"start":{"line":15,"column":25},"end":{"line":15,"column":82}},"8":{"start":{"line":16,"column":3},"end":{"line":16,"column":27}},"9":{"start":{"line":21,"column":2},"end":{"line":24,"column":5}},"10":{"start":{"line":22,"column":3},"end":{"line":22,"column":108}},"11":{"start":{"line":22,"column":51},"end":{"line":22,"column":108}},"12":{"start":{"line":23,"column":3},"end":{"line":23,"column":28}},"13":{"start":{"line":28,"column":2},"end":{"line":28,"column":37}},"14":{"start":{"line":29,"column":2},"end":{"line":31,"column":3}},"15":{"start":{"line":30,"column":3},"end":{"line":30,"column":60}},"16":{"start":{"line":32,"column":2},"end":{"line":35,"column":5}},"17":{"start":{"line":33,"column":3},"end":{"line":33,"column":87}},"18":{"start":{"line":33,"column":28},"end":{"line":33,"column":87}},"19":{"start":{"line":34,"column":3},"end":{"line":34,"column":30}}},"branchMap":{"1":{"line":11,"type":"if","locations":[{"start":{"line":11,"column":2},"end":{"line":11,"column":2}},{"start":{"line":11,"column":2},"end":{"line":11,"column":2}}]},"2":{"line":15,"type":"if","locations":[{"start":{"line":15,"column":3},"end":{"line":15,"column":3}},{"start":{"line":15,"column":3},"end":{"line":15,"column":3}}]},"3":{"line":15,"type":"binary-expr","locations":[{"start":{"line":15,"column":7},"end":{"line":15,"column":10}},{"start":{"line":15,"column":14},"end":{"line":15,"column":23}}]},"4":{"line":22,"type":"if","locations":[{"start":{"line":22,"column":3},"end":{"line":22,"column":3}},{"start":{"line":22,"column":3},"end":{"line":22,"column":3}}]},"5":{"line":22,"type":"binary-expr","locations":[{"start":{"line":22,"column":7},"end":{"line":22,"column":10}},{"start":{"line":22,"column":14},"end":{"line":22,"column":24}},{"start":{"line":22,"column":28},"end":{"line":22,"column":49}}]},"6":{"line":29,"type":"if","locations":[{"start":{"line":29,"column":2},"end":{"line":29,"column":2}},{"start":{"line":29,"column":2},"end":{"line":29,"column":2}}]},"7":{"line":33,"type":"if","locations":[{"start":{"line":33,"column":3},"end":{"line":33,"column":3}},{"start":{"line":33,"column":3},"end":{"line":33,"column":3}}]},"8":{"line":33,"type":"binary-expr","locations":[{"start":{"line":33,"column":7},"end":{"line":33,"column":10}},{"start":{"line":33,"column":14},"end":{"line":33,"column":26}}]}}},"/home/ray/git/und-ims/api/api/controllers/DepartmentController.js":{"path":"/home/ray/git/und-ims/api/api/controllers/DepartmentController.js","s":{"1":1,"2":2,"3":2,"4":0,"5":2,"6":2,"7":1,"8":1,"9":0,"10":0,"11":0,"12":0},"b":{"1":[0,2],"2":[1,1],"3":[2,2],"4":[0,0],"5":[0,0,0]},"f":{"1":2,"2":2,"3":0,"4":0},"fnMap":{"1":{"name":"(anonymous_1)","line":9,"loc":{"start":{"line":9,"column":11},"end":{"line":9,"column":36}}},"2":{"name":"(anonymous_2)","line":15,"loc":{"start":{"line":15,"column":62},"end":{"line":15,"column":88}}},"3":{"name":"(anonymous_3)","line":21,"loc":{"start":{"line":21,"column":12},"end":{"line":21,"column":37}}},"4":{"name":"(anonymous_4)","line":22,"loc":{"start":{"line":22,"column":47},"end":{"line":22,"column":74}}}},"statementMap":{"1":{"start":{"line":8,"column":0},"end":{"line":27,"column":2}},"2":{"start":{"line":10,"column":2},"end":{"line":10,"column":37}},"3":{"start":{"line":11,"column":2},"end":{"line":13,"column":3}},"4":{"start":{"line":12,"column":3},"end":{"line":12,"column":60}},"5":{"start":{"line":15,"column":2},"end":{"line":18,"column":5}},"6":{"start":{"line":16,"column":3},"end":{"line":16,"column":86}},"7":{"start":{"line":16,"column":27},"end":{"line":16,"column":86}},"8":{"start":{"line":17,"column":3},"end":{"line":17,"column":29}},"9":{"start":{"line":22,"column":2},"end":{"line":25,"column":5}},"10":{"start":{"line":23,"column":3},"end":{"line":23,"column":114}},"11":{"start":{"line":23,"column":55},"end":{"line":23,"column":114}},"12":{"start":{"line":24,"column":3},"end":{"line":24,"column":30}}},"branchMap":{"1":{"line":11,"type":"if","locations":[{"start":{"line":11,"column":2},"end":{"line":11,"column":2}},{"start":{"line":11,"column":2},"end":{"line":11,"column":2}}]},"2":{"line":16,"type":"if","locations":[{"start":{"line":16,"column":3},"end":{"line":16,"column":3}},{"start":{"line":16,"column":3},"end":{"line":16,"column":3}}]},"3":{"line":16,"type":"binary-expr","locations":[{"start":{"line":16,"column":7},"end":{"line":16,"column":10}},{"start":{"line":16,"column":14},"end":{"line":16,"column":25}}]},"4":{"line":23,"type":"if","locations":[{"start":{"line":23,"column":3},"end":{"line":23,"column":3}},{"start":{"line":23,"column":3},"end":{"line":23,"column":3}}]},"5":{"line":23,"type":"binary-expr","locations":[{"start":{"line":23,"column":7},"end":{"line":23,"column":10}},{"start":{"line":23,"column":14},"end":{"line":23,"column":26}},{"start":{"line":23,"column":30},"end":{"line":23,"column":53}}]}}},"/home/ray/git/und-ims/api/api/controllers/ItemController.js":{"path":"/home/ray/git/und-ims/api/api/controllers/ItemController.js","s":{"1":1,"2":0,"3":0,"4":0,"5":0,"6":0,"7":0,"8":0,"9":0,"10":0,"11":0,"12":0,"13":0,"14":0,"15":0,"16":0,"17":0,"18":0,"19":0,"20":0,"21":0,"22":0,"23":0,"24":0,"25":0,"26":0,"27":0,"28":0,"29":0,"30":0,"31":0,"32":0,"33":0,"34":0,"35":0,"36":0,"37":0,"38":0,"39":0,"40":0,"41":0,"42":0},"b":{"1":[0,0],"2":[0,0,0],"3":[0,0],"4":[0,0,0],"5":[0,0],"6":[0,0],"7":[0,0],"8":[0,0],"9":[0,0],"10":[0,0],"11":[0,0],"12":[0,0],"13":[0,0],"14":[0,0],"15":[0,0,0],"16":[0,0],"17":[0,0,0]},"f":{"1":0,"2":0,"3":0,"4":0,"5":0,"6":0,"7":0,"8":0},"fnMap":{"1":{"name":"(anonymous_1)","line":9,"loc":{"start":{"line":9,"column":13},"end":{"line":9,"column":38}}},"2":{"name":"(anonymous_2)","line":35,"loc":{"start":{"line":35,"column":26},"end":{"line":35,"column":47}}},"3":{"name":"(anonymous_3)","line":41,"loc":{"start":{"line":41,"column":10},"end":{"line":41,"column":35}}},"4":{"name":"(anonymous_4)","line":56,"loc":{"start":{"line":56,"column":26},"end":{"line":56,"column":47}}},"5":{"name":"(anonymous_5)","line":62,"loc":{"start":{"line":62,"column":12},"end":{"line":62,"column":37}}},"6":{"name":"(anonymous_6)","line":92,"loc":{"start":{"line":92,"column":26},"end":{"line":92,"column":47}}},"7":{"name":"(anonymous_7)","line":98,"loc":{"start":{"line":98,"column":13},"end":{"line":98,"column":38}}},"8":{"name":"(anonymous_8)","line":124,"loc":{"start":{"line":124,"column":37},"end":{"line":124,"column":58}}}},"statementMap":{"1":{"start":{"line":8,"column":0},"end":{"line":129,"column":2}},"2":{"start":{"line":10,"column":8},"end":{"line":10,"column":37}},"3":{"start":{"line":12,"column":8},"end":{"line":33,"column":39}},"4":{"start":{"line":35,"column":8},"end":{"line":38,"column":11}},"5":{"start":{"line":36,"column":12},"end":{"line":36,"column":113}},"6":{"start":{"line":36,"column":52},"end":{"line":36,"column":113}},"7":{"start":{"line":37,"column":12},"end":{"line":37,"column":33}},"8":{"start":{"line":43,"column":8},"end":{"line":54,"column":56}},"9":{"start":{"line":56,"column":8},"end":{"line":59,"column":11}},"10":{"start":{"line":57,"column":12},"end":{"line":57,"column":113}},"11":{"start":{"line":57,"column":52},"end":{"line":57,"column":113}},"12":{"start":{"line":58,"column":12},"end":{"line":58,"column":33}},"13":{"start":{"line":63,"column":8},"end":{"line":63,"column":44}},"14":{"start":{"line":64,"column":8},"end":{"line":64,"column":42}},"15":{"start":{"line":65,"column":8},"end":{"line":65,"column":38}},"16":{"start":{"line":67,"column":8},"end":{"line":67,"column":104}},"17":{"start":{"line":67,"column":35},"end":{"line":67,"column":104}},"18":{"start":{"line":68,"column":8},"end":{"line":68,"column":156}},"19":{"start":{"line":68,"column":88},"end":{"line":68,"column":156}},"20":{"start":{"line":69,"column":8},"end":{"line":69,"column":148}},"21":{"start":{"line":69,"column":82},"end":{"line":69,"column":148}},"22":{"start":{"line":71,"column":8},"end":{"line":78,"column":62}},"23":{"start":{"line":80,"column":8},"end":{"line":82,"column":9}},"24":{"start":{"line":81,"column":12},"end":{"line":81,"column":87}},"25":{"start":{"line":84,"column":8},"end":{"line":90,"column":9}},"26":{"start":{"line":85,"column":12},"end":{"line":85,"column":70}},"27":{"start":{"line":86,"column":12},"end":{"line":87,"column":84}},"28":{"start":{"line":86,"column":28},"end":{"line":86,"column":79}},"29":{"start":{"line":87,"column":17},"end":{"line":87,"column":84}},"30":{"start":{"line":88,"column":12},"end":{"line":88,"column":67}},"31":{"start":{"line":88,"column":24},"end":{"line":88,"column":67}},"32":{"start":{"line":89,"column":12},"end":{"line":89,"column":32}},"33":{"start":{"line":92,"column":8},"end":{"line":95,"column":11}},"34":{"start":{"line":93,"column":12},"end":{"line":93,"column":113}},"35":{"start":{"line":93,"column":52},"end":{"line":93,"column":113}},"36":{"start":{"line":94,"column":12},"end":{"line":94,"column":33}},"37":{"start":{"line":99,"column":8},"end":{"line":99,"column":43}},"38":{"start":{"line":101,"column":8},"end":{"line":122,"column":38}},"39":{"start":{"line":124,"column":8},"end":{"line":127,"column":11}},"40":{"start":{"line":125,"column":12},"end":{"line":125,"column":113}},"41":{"start":{"line":125,"column":52},"end":{"line":125,"column":113}},"42":{"start":{"line":126,"column":12},"end":{"line":126,"column":33}}},"branchMap":{"1":{"line":36,"type":"if","locations":[{"start":{"line":36,"column":12},"end":{"line":36,"column":12}},{"start":{"line":36,"column":12},"end":{"line":36,"column":12}}]},"2":{"line":36,"type":"binary-expr","locations":[{"start":{"line":36,"column":16},"end":{"line":36,"column":19}},{"start":{"line":36,"column":23},"end":{"line":36,"column":29}},{"start":{"line":36,"column":33},"end":{"line":36,"column":50}}]},"3":{"line":57,"type":"if","locations":[{"start":{"line":57,"column":12},"end":{"line":57,"column":12}},{"start":{"line":57,"column":12},"end":{"line":57,"column":12}}]},"4":{"line":57,"type":"binary-expr","locations":[{"start":{"line":57,"column":16},"end":{"line":57,"column":19}},{"start":{"line":57,"column":23},"end":{"line":57,"column":29}},{"start":{"line":57,"column":33},"end":{"line":57,"column":50}}]},"5":{"line":67,"type":"if","locations":[{"start":{"line":67,"column":8},"end":{"line":67,"column":8}},{"start":{"line":67,"column":8},"end":{"line":67,"column":8}}]},"6":{"line":68,"type":"if","locations":[{"start":{"line":68,"column":8},"end":{"line":68,"column":8}},{"start":{"line":68,"column":8},"end":{"line":68,"column":8}}]},"7":{"line":68,"type":"binary-expr","locations":[{"start":{"line":68,"column":12},"end":{"line":68,"column":24}},{"start":{"line":68,"column":28},"end":{"line":68,"column":86}}]},"8":{"line":69,"type":"if","locations":[{"start":{"line":69,"column":8},"end":{"line":69,"column":8}},{"start":{"line":69,"column":8},"end":{"line":69,"column":8}}]},"9":{"line":69,"type":"binary-expr","locations":[{"start":{"line":69,"column":12},"end":{"line":69,"column":22}},{"start":{"line":69,"column":26},"end":{"line":69,"column":80}}]},"10":{"line":80,"type":"if","locations":[{"start":{"line":80,"column":8},"end":{"line":80,"column":8}},{"start":{"line":80,"column":8},"end":{"line":80,"column":8}}]},"11":{"line":84,"type":"if","locations":[{"start":{"line":84,"column":8},"end":{"line":84,"column":8}},{"start":{"line":84,"column":8},"end":{"line":84,"column":8}}]},"12":{"line":86,"type":"if","locations":[{"start":{"line":86,"column":12},"end":{"line":86,"column":12}},{"start":{"line":86,"column":12},"end":{"line":86,"column":12}}]},"13":{"line":88,"type":"if","locations":[{"start":{"line":88,"column":12},"end":{"line":88,"column":12}},{"start":{"line":88,"column":12},"end":{"line":88,"column":12}}]},"14":{"line":93,"type":"if","locations":[{"start":{"line":93,"column":12},"end":{"line":93,"column":12}},{"start":{"line":93,"column":12},"end":{"line":93,"column":12}}]},"15":{"line":93,"type":"binary-expr","locations":[{"start":{"line":93,"column":16},"end":{"line":93,"column":19}},{"start":{"line":93,"column":23},"end":{"line":93,"column":29}},{"start":{"line":93,"column":33},"end":{"line":93,"column":50}}]},"16":{"line":125,"type":"if","locations":[{"start":{"line":125,"column":12},"end":{"line":125,"column":12}},{"start":{"line":125,"column":12},"end":{"line":125,"column":12}}]},"17":{"line":125,"type":"binary-expr","locations":[{"start":{"line":125,"column":16},"end":{"line":125,"column":19}},{"start":{"line":125,"column":23},"end":{"line":125,"column":29}},{"start":{"line":125,"column":33},"end":{"line":125,"column":50}}]}}},"/home/ray/git/und-ims/api/api/controllers/ItemtypeController.js":{"path":"/home/ray/git/und-ims/api/api/controllers/ItemtypeController.js","s":{"1":1,"2":0,"3":0,"4":0,"5":0,"6":0,"7":0,"8":0},"b":{"1":[0,0],"2":[0,0],"3":[0,0]},"f":{"1":0,"2":0},"fnMap":{"1":{"name":"(anonymous_1)","line":9,"loc":{"start":{"line":9,"column":7},"end":{"line":9,"column":32}}},"2":{"name":"(anonymous_2)","line":15,"loc":{"start":{"line":15,"column":52},"end":{"line":15,"column":76}}}},"statementMap":{"1":{"start":{"line":8,"column":0},"end":{"line":20,"column":2}},"2":{"start":{"line":10,"column":2},"end":{"line":10,"column":33}},"3":{"start":{"line":11,"column":2},"end":{"line":13,"column":3}},"4":{"start":{"line":12,"column":3},"end":{"line":12,"column":58}},"5":{"start":{"line":15,"column":2},"end":{"line":18,"column":5}},"6":{"start":{"line":16,"column":3},"end":{"line":16,"column":82}},"7":{"start":{"line":16,"column":25},"end":{"line":16,"column":82}},"8":{"start":{"line":17,"column":3},"end":{"line":17,"column":27}}},"branchMap":{"1":{"line":11,"type":"if","locations":[{"start":{"line":11,"column":2},"end":{"line":11,"column":2}},{"start":{"line":11,"column":2},"end":{"line":11,"column":2}}]},"2":{"line":16,"type":"if","locations":[{"start":{"line":16,"column":3},"end":{"line":16,"column":3}},{"start":{"line":16,"column":3},"end":{"line":16,"column":3}}]},"3":{"line":16,"type":"binary-expr","locations":[{"start":{"line":16,"column":7},"end":{"line":16,"column":10}},{"start":{"line":16,"column":14},"end":{"line":16,"column":23}}]}}},"/home/ray/git/und-ims/api/api/controllers/LogController.js":{"path":"/home/ray/git/und-ims/api/api/controllers/LogController.js","s":{"1":1,"2":0,"3":0,"4":0,"5":0},"b":{"1":[0,0],"2":[0,0,0],"3":[0,0],"4":[0,0,0]},"f":{},"fnMap":{},"statementMap":{"1":{"start":{"line":8,"column":0},"end":{"line":11,"column":2}},"2":{"start":{"line":9,"column":29},"end":{"line":9,"column":184}},"3":{"start":{"line":9,"column":89},"end":{"line":9,"column":182}},"4":{"start":{"line":10,"column":33},"end":{"line":10,"column":260}},"5":{"start":{"line":10,"column":165},"end":{"line":10,"column":258}}},"branchMap":{"1":{"line":9,"type":"cond-expr","locations":[{"start":{"line":9,"column":122},"end":{"line":9,"column":167}},{"start":{"line":9,"column":170},"end":{"line":9,"column":182}}]},"2":{"line":9,"type":"binary-expr","locations":[{"start":{"line":9,"column":90},"end":{"line":9,"column":93}},{"start":{"line":9,"column":97},"end":{"line":9,"column":102}},{"start":{"line":9,"column":106},"end":{"line":9,"column":118}}]},"3":{"line":10,"type":"cond-expr","locations":[{"start":{"line":10,"column":198},"end":{"line":10,"column":243}},{"start":{"line":10,"column":246},"end":{"line":10,"column":258}}]},"4":{"line":10,"type":"binary-expr","locations":[{"start":{"line":10,"column":166},"end":{"line":10,"column":169}},{"start":{"line":10,"column":173},"end":{"line":10,"column":178}},{"start":{"line":10,"column":182},"end":{"line":10,"column":194}}]}}},"/home/ray/git/und-ims/api/api/controllers/PermissionController.js":{"path":"/home/ray/git/und-ims/api/api/controllers/PermissionController.js","s":{"1":1},"b":{},"f":{},"fnMap":{},"statementMap":{"1":{"start":{"line":8,"column":0},"end":{"line":9,"column":2}}},"branchMap":{}},"/home/ray/git/und-ims/api/api/controllers/PingController.js":{"path":"/home/ray/git/und-ims/api/api/controllers/PingController.js","s":{"1":1,"2":1},"b":{},"f":{"1":1},"fnMap":{"1":{"name":"(anonymous_1)","line":9,"loc":{"start":{"line":9,"column":7},"end":{"line":9,"column":18}}}},"statementMap":{"1":{"start":{"line":8,"column":0},"end":{"line":12,"column":2}},"2":{"start":{"line":10,"column":4},"end":{"line":10,"column":65}}},"branchMap":{}},"/home/ray/git/und-ims/api/api/controllers/RoomController.js":{"path":"/home/ray/git/und-ims/api/api/controllers/RoomController.js","s":{"1":1,"2":2,"3":2,"4":0,"5":2,"6":2,"7":1,"8":1,"9":1,"10":1,"11":0,"12":1,"13":2,"14":2,"15":2,"16":0,"17":2,"18":2,"19":1,"20":1,"21":2,"22":2,"23":0,"24":2,"25":2,"26":1,"27":1},"b":{"1":[0,2],"2":[1,1],"3":[2,2],"4":[0,1],"5":[1,1,1],"6":[0,2],"7":[1,1],"8":[2,2],"9":[0,2],"10":[1,1],"11":[2,2]},"f":{"1":2,"2":2,"3":1,"4":1,"5":2,"6":2,"7":2,"8":2},"fnMap":{"1":{"name":"(anonymous_1)","line":9,"loc":{"start":{"line":9,"column":10},"end":{"line":9,"column":35}}},"2":{"name":"(anonymous_2)","line":15,"loc":{"start":{"line":15,"column":72},"end":{"line":15,"column":92}}},"3":{"name":"(anonymous_3)","line":21,"loc":{"start":{"line":21,"column":11},"end":{"line":21,"column":36}}},"4":{"name":"(anonymous_4)","line":22,"loc":{"start":{"line":22,"column":43},"end":{"line":22,"column":64}}},"5":{"name":"(anonymous_5)","line":28,"loc":{"start":{"line":28,"column":15},"end":{"line":28,"column":40}}},"6":{"name":"(anonymous_6)","line":35,"loc":{"start":{"line":35,"column":100},"end":{"line":35,"column":120}}},"7":{"name":"(anonymous_7)","line":41,"loc":{"start":{"line":41,"column":14},"end":{"line":41,"column":39}}},"8":{"name":"(anonymous_8)","line":46,"loc":{"start":{"line":46,"column":60},"end":{"line":46,"column":84}}}},"statementMap":{"1":{"start":{"line":8,"column":0},"end":{"line":51,"column":2}},"2":{"start":{"line":10,"column":8},"end":{"line":10,"column":37}},"3":{"start":{"line":11,"column":8},"end":{"line":13,"column":9}},"4":{"start":{"line":12,"column":12},"end":{"line":12,"column":63}},"5":{"start":{"line":15,"column":8},"end":{"line":18,"column":11}},"6":{"start":{"line":16,"column":12},"end":{"line":16,"column":83}},"7":{"start":{"line":16,"column":30},"end":{"line":16,"column":83}},"8":{"start":{"line":17,"column":12},"end":{"line":17,"column":32}},"9":{"start":{"line":22,"column":8},"end":{"line":25,"column":11}},"10":{"start":{"line":23,"column":12},"end":{"line":23,"column":105}},"11":{"start":{"line":23,"column":52},"end":{"line":23,"column":105}},"12":{"start":{"line":24,"column":12},"end":{"line":24,"column":33}},"13":{"start":{"line":29,"column":8},"end":{"line":29,"column":37}},"14":{"start":{"line":30,"column":8},"end":{"line":30,"column":38}},"15":{"start":{"line":31,"column":8},"end":{"line":33,"column":9}},"16":{"start":{"line":32,"column":12},"end":{"line":32,"column":63}},"17":{"start":{"line":35,"column":8},"end":{"line":38,"column":11}},"18":{"start":{"line":36,"column":12},"end":{"line":36,"column":83}},"19":{"start":{"line":36,"column":30},"end":{"line":36,"column":83}},"20":{"start":{"line":37,"column":12},"end":{"line":37,"column":32}},"21":{"start":{"line":42,"column":8},"end":{"line":42,"column":41}},"22":{"start":{"line":43,"column":8},"end":{"line":45,"column":9}},"23":{"start":{"line":44,"column":12},"end":{"line":44,"column":67}},"24":{"start":{"line":46,"column":8},"end":{"line":49,"column":11}},"25":{"start":{"line":47,"column":12},"end":{"line":47,"column":91}},"26":{"start":{"line":47,"column":34},"end":{"line":47,"column":91}},"27":{"start":{"line":48,"column":12},"end":{"line":48,"column":36}}},"branchMap":{"1":{"line":11,"type":"if","locations":[{"start":{"line":11,"column":8},"end":{"line":11,"column":8}},{"start":{"line":11,"column":8},"end":{"line":11,"column":8}}]},"2":{"line":16,"type":"if","locations":[{"start":{"line":16,"column":12},"end":{"line":16,"column":12}},{"start":{"line":16,"column":12},"end":{"line":16,"column":12}}]},"3":{"line":16,"type":"binary-expr","locations":[{"start":{"line":16,"column":16},"end":{"line":16,"column":19}},{"start":{"line":16,"column":23},"end":{"line":16,"column":28}}]},"4":{"line":23,"type":"if","locations":[{"start":{"line":23,"column":12},"end":{"line":23,"column":12}},{"start":{"line":23,"column":12},"end":{"line":23,"column":12}}]},"5":{"line":23,"type":"binary-expr","locations":[{"start":{"line":23,"column":16},"end":{"line":23,"column":19}},{"start":{"line":23,"column":23},"end":{"line":23,"column":29}},{"start":{"line":23,"column":33},"end":{"line":23,"column":50}}]},"6":{"line":31,"type":"if","locations":[{"start":{"line":31,"column":8},"end":{"line":31,"column":8}},{"start":{"line":31,"column":8},"end":{"line":31,"column":8}}]},"7":{"line":36,"type":"if","locations":[{"start":{"line":36,"column":12},"end":{"line":36,"column":12}},{"start":{"line":36,"column":12},"end":{"line":36,"column":12}}]},"8":{"line":36,"type":"binary-expr","locations":[{"start":{"line":36,"column":16},"end":{"line":36,"column":19}},{"start":{"line":36,"column":23},"end":{"line":36,"column":28}}]},"9":{"line":43,"type":"if","locations":[{"start":{"line":43,"column":8},"end":{"line":43,"column":8}},{"start":{"line":43,"column":8},"end":{"line":43,"column":8}}]},"10":{"line":47,"type":"if","locations":[{"start":{"line":47,"column":12},"end":{"line":47,"column":12}},{"start":{"line":47,"column":12},"end":{"line":47,"column":12}}]},"11":{"line":47,"type":"binary-expr","locations":[{"start":{"line":47,"column":16},"end":{"line":47,"column":19}},{"start":{"line":47,"column":23},"end":{"line":47,"column":32}}]}}},"/home/ray/git/und-ims/api/api/controllers/SearchController.js":{"path":"/home/ray/git/und-ims/api/api/controllers/SearchController.js","s":{"1":1,"2":1,"3":1,"4":1,"5":1,"6":0,"7":0,"8":0,"9":0,"10":0,"11":0,"12":0,"13":0,"14":0,"15":0,"16":0},"b":{"1":[0,0],"2":[0,0],"3":[0,0]},"f":{"1":0},"fnMap":{"1":{"name":"(anonymous_1)","line":15,"loc":{"start":{"line":15,"column":7},"end":{"line":15,"column":18}}}},"statementMap":{"1":{"start":{"line":8,"column":0},"end":{"line":8,"column":28}},"2":{"start":{"line":9,"column":0},"end":{"line":9,"column":36}},"3":{"start":{"line":11,"column":0},"end":{"line":11,"column":58}},"4":{"start":{"line":12,"column":0},"end":{"line":12,"column":64}},"5":{"start":{"line":14,"column":0},"end":{"line":33,"column":2}},"6":{"start":{"line":16,"column":4},"end":{"line":16,"column":29}},"7":{"start":{"line":17,"column":4},"end":{"line":17,"column":90}},"8":{"start":{"line":17,"column":12},"end":{"line":17,"column":90}},"9":{"start":{"line":19,"column":4},"end":{"line":19,"column":76}},"10":{"start":{"line":21,"column":4},"end":{"line":31,"column":28}},"11":{"start":{"line":22,"column":8},"end":{"line":22,"column":46}},"12":{"start":{"line":24,"column":8},"end":{"line":24,"column":31}},"13":{"start":{"line":24,"column":20},"end":{"line":24,"column":31}},"14":{"start":{"line":26,"column":8},"end":{"line":26,"column":131}},"15":{"start":{"line":26,"column":74},"end":{"line":26,"column":119}},"16":{"start":{"line":28,"column":8},"end":{"line":28,"column":81}}},"branchMap":{"1":{"line":17,"type":"if","locations":[{"start":{"line":17,"column":4},"end":{"line":17,"column":4}},{"start":{"line":17,"column":4},"end":{"line":17,"column":4}}]},"2":{"line":19,"type":"binary-expr","locations":[{"start":{"line":19,"column":19},"end":{"line":19,"column":51}},{"start":{"line":19,"column":55},"end":{"line":19,"column":75}}]},"3":{"line":24,"type":"if","locations":[{"start":{"line":24,"column":8},"end":{"line":24,"column":8}},{"start":{"line":24,"column":8},"end":{"line":24,"column":8}}]}}},"/home/ray/git/und-ims/api/api/controllers/UserController.js":{"path":"/home/ray/git/und-ims/api/api/controllers/UserController.js","s":{"1":1,"2":0,"3":0,"4":0,"5":0,"6":0,"7":0,"8":0,"9":0,"10":0,"11":0,"12":0,"13":0,"14":0,"15":0,"16":0,"17":0,"18":0,"19":0,"20":0,"21":0,"22":0,"23":0,"24":0,"25":0,"26":0},"b":{"1":[0,0],"2":[0,0],"3":[0,0],"4":[0,0],"5":[0,0],"6":[0,0],"7":[0,0],"8":[0,0],"9":[0,0],"10":[0,0],"11":[0,0]},"f":{"1":0,"2":0,"3":0,"4":0,"5":0,"6":0},"fnMap":{"1":{"name":"(anonymous_1)","line":9,"loc":{"start":{"line":9,"column":19},"end":{"line":9,"column":44}}},"2":{"name":"(anonymous_2)","line":12,"loc":{"start":{"line":12,"column":61},"end":{"line":12,"column":87}}},"3":{"name":"(anonymous_3)","line":18,"loc":{"start":{"line":18,"column":26},"end":{"line":18,"column":40}}},"4":{"name":"(anonymous_4)","line":25,"loc":{"start":{"line":25,"column":22},"end":{"line":25,"column":47}}},"5":{"name":"(anonymous_5)","line":28,"loc":{"start":{"line":28,"column":62},"end":{"line":28,"column":88}}},"6":{"name":"(anonymous_6)","line":35,"loc":{"start":{"line":35,"column":26},"end":{"line":35,"column":40}}}},"statementMap":{"1":{"start":{"line":8,"column":0},"end":{"line":40,"column":2}},"2":{"start":{"line":10,"column":8},"end":{"line":10,"column":91}},"3":{"start":{"line":10,"column":34},"end":{"line":10,"column":91}},"4":{"start":{"line":12,"column":8},"end":{"line":22,"column":11}},"5":{"start":{"line":13,"column":12},"end":{"line":13,"column":93}},"6":{"start":{"line":13,"column":36},"end":{"line":13,"column":93}},"7":{"start":{"line":15,"column":12},"end":{"line":15,"column":84}},"8":{"start":{"line":16,"column":12},"end":{"line":16,"column":134}},"9":{"start":{"line":16,"column":73},"end":{"line":16,"column":134}},"10":{"start":{"line":17,"column":12},"end":{"line":17,"column":59}},"11":{"start":{"line":18,"column":12},"end":{"line":21,"column":15}},"12":{"start":{"line":19,"column":16},"end":{"line":19,"column":46}},"13":{"start":{"line":19,"column":25},"end":{"line":19,"column":46}},"14":{"start":{"line":20,"column":16},"end":{"line":20,"column":42}},"15":{"start":{"line":26,"column":8},"end":{"line":26,"column":91}},"16":{"start":{"line":26,"column":34},"end":{"line":26,"column":91}},"17":{"start":{"line":28,"column":9},"end":{"line":38,"column":11}},"18":{"start":{"line":29,"column":12},"end":{"line":29,"column":93}},"19":{"start":{"line":29,"column":36},"end":{"line":29,"column":93}},"20":{"start":{"line":31,"column":12},"end":{"line":31,"column":84}},"21":{"start":{"line":32,"column":12},"end":{"line":32,"column":74}},"22":{"start":{"line":33,"column":12},"end":{"line":33,"column":86}},"23":{"start":{"line":33,"column":29},"end":{"line":33,"column":86}},"24":{"start":{"line":34,"column":12},"end":{"line":34,"column":50}},"25":{"start":{"line":35,"column":12},"end":{"line":37,"column":15}},"26":{"start":{"line":36,"column":16},"end":{"line":36,"column":42}}},"branchMap":{"1":{"line":10,"type":"if","locations":[{"start":{"line":10,"column":8},"end":{"line":10,"column":8}},{"start":{"line":10,"column":8},"end":{"line":10,"column":8}}]},"2":{"line":13,"type":"if","locations":[{"start":{"line":13,"column":12},"end":{"line":13,"column":12}},{"start":{"line":13,"column":12},"end":{"line":13,"column":12}}]},"3":{"line":13,"type":"binary-expr","locations":[{"start":{"line":13,"column":16},"end":{"line":13,"column":19}},{"start":{"line":13,"column":23},"end":{"line":13,"column":34}}]},"4":{"line":15,"type":"cond-expr","locations":[{"start":{"line":15,"column":58},"end":{"line":15,"column":78}},{"start":{"line":15,"column":81},"end":{"line":15,"column":83}}]},"5":{"line":16,"type":"if","locations":[{"start":{"line":16,"column":12},"end":{"line":16,"column":12}},{"start":{"line":16,"column":12},"end":{"line":16,"column":12}}]},"6":{"line":19,"type":"if","locations":[{"start":{"line":19,"column":16},"end":{"line":19,"column":16}},{"start":{"line":19,"column":16},"end":{"line":19,"column":16}}]},"7":{"line":26,"type":"if","locations":[{"start":{"line":26,"column":8},"end":{"line":26,"column":8}},{"start":{"line":26,"column":8},"end":{"line":26,"column":8}}]},"8":{"line":29,"type":"if","locations":[{"start":{"line":29,"column":12},"end":{"line":29,"column":12}},{"start":{"line":29,"column":12},"end":{"line":29,"column":12}}]},"9":{"line":29,"type":"binary-expr","locations":[{"start":{"line":29,"column":16},"end":{"line":29,"column":19}},{"start":{"line":29,"column":23},"end":{"line":29,"column":34}}]},"10":{"line":31,"type":"cond-expr","locations":[{"start":{"line":31,"column":58},"end":{"line":31,"column":78}},{"start":{"line":31,"column":81},"end":{"line":31,"column":83}}]},"11":{"line":33,"type":"if","locations":[{"start":{"line":33,"column":12},"end":{"line":33,"column":12}},{"start":{"line":33,"column":12},"end":{"line":33,"column":12}}]}}},"/home/ray/git/und-ims/api/api/policies/getDepartmentsAndBuildings.js":{"path":"/home/ray/git/und-ims/api/api/policies/getDepartmentsAndBuildings.js","s":{"1":1,"2":0,"3":0,"4":0,"5":0,"6":0,"7":0,"8":0,"9":0,"10":0,"11":0,"12":0,"13":0,"14":0,"15":0,"16":0,"17":0,"18":0,"19":0,"20":0},"b":{"1":[0,0],"2":[0,0],"3":[0,0],"4":[0,0],"5":[0,0],"6":[0,0],"7":[0,0]},"f":{"1":0,"2":0},"fnMap":{"1":{"name":"getDepartmentsAndBuildings","line":3,"loc":{"start":{"line":3,"column":17},"end":{"line":3,"column":69}}},"2":{"name":"(anonymous_2)","line":9,"loc":{"start":{"line":9,"column":26},"end":{"line":9,"column":54}}}},"statementMap":{"1":{"start":{"line":3,"column":0},"end":{"line":29,"column":2}},"2":{"start":{"line":4,"column":2},"end":{"line":4,"column":50}},"3":{"start":{"line":4,"column":36},"end":{"line":4,"column":50}},"4":{"start":{"line":6,"column":2},"end":{"line":7,"column":76}},"5":{"start":{"line":9,"column":2},"end":{"line":28,"column":5}},"6":{"start":{"line":10,"column":4},"end":{"line":10,"column":30}},"7":{"start":{"line":11,"column":4},"end":{"line":11,"column":28}},"8":{"start":{"line":13,"column":4},"end":{"line":13,"column":36}},"9":{"start":{"line":13,"column":22},"end":{"line":13,"column":36}},"10":{"start":{"line":15,"column":4},"end":{"line":18,"column":5}},"11":{"start":{"line":16,"column":6},"end":{"line":16,"column":98}},"12":{"start":{"line":16,"column":45},"end":{"line":16,"column":98}},"13":{"start":{"line":17,"column":6},"end":{"line":17,"column":92}},"14":{"start":{"line":17,"column":43},"end":{"line":17,"column":92}},"15":{"start":{"line":20,"column":4},"end":{"line":27,"column":5}},"16":{"start":{"line":21,"column":6},"end":{"line":24,"column":9}},"17":{"start":{"line":22,"column":8},"end":{"line":22,"column":101}},"18":{"start":{"line":22,"column":64},"end":{"line":22,"column":101}},"19":{"start":{"line":23,"column":8},"end":{"line":23,"column":22}},"20":{"start":{"line":26,"column":6},"end":{"line":26,"column":20}}},"branchMap":{"1":{"line":4,"type":"if","locations":[{"start":{"line":4,"column":2},"end":{"line":4,"column":2}},{"start":{"line":4,"column":2},"end":{"line":4,"column":2}}]},"2":{"line":13,"type":"if","locations":[{"start":{"line":13,"column":4},"end":{"line":13,"column":4}},{"start":{"line":13,"column":4},"end":{"line":13,"column":4}}]},"3":{"line":16,"type":"if","locations":[{"start":{"line":16,"column":6},"end":{"line":16,"column":6}},{"start":{"line":16,"column":6},"end":{"line":16,"column":6}}]},"4":{"line":17,"type":"if","locations":[{"start":{"line":17,"column":6},"end":{"line":17,"column":6}},{"start":{"line":17,"column":6},"end":{"line":17,"column":6}}]},"5":{"line":20,"type":"if","locations":[{"start":{"line":20,"column":4},"end":{"line":20,"column":4}},{"start":{"line":20,"column":4},"end":{"line":20,"column":4}}]},"6":{"line":20,"type":"binary-expr","locations":[{"start":{"line":20,"column":8},"end":{"line":20,"column":39}},{"start":{"line":20,"column":43},"end":{"line":20,"column":59}}]},"7":{"line":22,"type":"if","locations":[{"start":{"line":22,"column":8},"end":{"line":22,"column":8}},{"start":{"line":22,"column":8},"end":{"line":22,"column":8}}]}}},"/home/ray/git/und-ims/api/api/policies/isAuthenticated.js":{"path":"/home/ray/git/und-ims/api/api/policies/isAuthenticated.js","s":{"1":1,"2":1,"3":0,"4":0,"5":0,"6":0,"7":0},"b":{"1":[0,0],"2":[0,0],"3":[0,0]},"f":{},"fnMap":{},"statementMap":{"1":{"start":{"line":8,"column":0},"end":{"line":8,"column":37}},"2":{"start":{"line":10,"column":0},"end":{"line":18,"column":2}},"3":{"start":{"line":11,"column":2},"end":{"line":17,"column":15}},"4":{"start":{"line":12,"column":4},"end":{"line":12,"column":60}},"5":{"start":{"line":12,"column":24},"end":{"line":12,"column":60}},"6":{"start":{"line":14,"column":4},"end":{"line":14,"column":20}},"7":{"start":{"line":16,"column":4},"end":{"line":16,"column":11}}},"branchMap":{"1":{"line":12,"type":"if","locations":[{"start":{"line":12,"column":4},"end":{"line":12,"column":4}},{"start":{"line":12,"column":4},"end":{"line":12,"column":4}}]},"2":{"line":12,"type":"binary-expr","locations":[{"start":{"line":12,"column":8},"end":{"line":12,"column":13}},{"start":{"line":12,"column":17},"end":{"line":12,"column":22}}]},"3":{"line":12,"type":"binary-expr","locations":[{"start":{"line":12,"column":45},"end":{"line":12,"column":50}},{"start":{"line":12,"column":54},"end":{"line":12,"column":58}}]}}},"/home/ray/git/und-ims/api/api/policies/log.js":{"path":"/home/ray/git/und-ims/api/api/policies/log.js","s":{"1":1,"2":0,"3":0,"4":0,"5":0,"6":0,"7":0},"b":{"1":[0,0],"2":[0,0]},"f":{"1":0},"fnMap":{"1":{"name":"log","line":3,"loc":{"start":{"line":3,"column":17},"end":{"line":3,"column":46}}}},"statementMap":{"1":{"start":{"line":3,"column":0},"end":{"line":14,"column":2}},"2":{"start":{"line":4,"column":2},"end":{"line":4,"column":48}},"3":{"start":{"line":4,"column":34},"end":{"line":4,"column":48}},"4":{"start":{"line":6,"column":2},"end":{"line":11,"column":4}},"5":{"start":{"line":10,"column":62},"end":{"line":10,"column":91}},"6":{"start":{"line":13,"column":2},"end":{"line":13,"column":75}},"7":{"start":{"line":13,"column":38},"end":{"line":13,"column":73}}},"branchMap":{"1":{"line":4,"type":"if","locations":[{"start":{"line":4,"column":2},"end":{"line":4,"column":2}},{"start":{"line":4,"column":2},"end":{"line":4,"column":2}}]},"2":{"line":13,"type":"cond-expr","locations":[{"start":{"line":13,"column":44},"end":{"line":13,"column":64}},{"start":{"line":13,"column":67},"end":{"line":13,"column":73}}]}}}}