TN:
SF:/home/ray/git/und-ims/api/config/env/test.js
FNF:0
FNH:0
DA:8,1
LF:1
LH:1
BRF:0
BRH:0
end_of_record
TN:
SF:/home/ray/git/und-ims/api/api/responses/badRequest.js
FN:13,(anonymous_1)
FNF:1
FNH:1
FNDA:4,(anonymous_1)
DA:11,2
DA:13,2
DA:14,4
DA:20,4
DA:21,4
LF:5
LH:5
BRDA:17,1,0,4
BRDA:17,1,1,1
BRF:2
BRH:2
end_of_record
TN:
SF:/home/ray/git/und-ims/api/api/responses/created.js
FN:14,(anonymous_1)
FNF:1
FNH:1
FNDA:3,(anonymous_1)
DA:12,2
DA:14,2
DA:15,3
DA:21,3
DA:22,3
LF:5
LH:5
BRDA:18,1,0,3
BRDA:18,1,1,1
BRF:2
BRH:2
end_of_record
TN:
SF:/home/ray/git/und-ims/api/api/responses/forbidden.js
FN:13,(anonymous_1)
FNF:1
FNH:1
FNDA:3,(anonymous_1)
DA:11,2
DA:13,2
DA:14,3
DA:20,3
DA:21,3
LF:5
LH:5
BRDA:17,1,0,3
BRDA:17,1,1,1
BRF:2
BRH:2
end_of_record
TN:
SF:/home/ray/git/und-ims/api/api/responses/negotiate.js
FN:11,(anonymous_1)
FNF:1
FNH:1
FNDA:17,(anonymous_1)
DA:9,2
DA:11,2
DA:12,17
DA:13,17
DA:14,17
DA:15,17
DA:16,17
DA:17,17
DA:18,17
DA:20,17
DA:21,11
DA:22,9
DA:23,8
DA:24,6
DA:26,3
LF:15
LH:15
BRDA:14,1,0,17
BRDA:14,1,1,10
BRDA:16,2,0,17
BRDA:16,2,1,10
BRDA:17,3,0,17
BRDA:17,3,1,3
BRDA:17,3,2,2
BRDA:20,4,0,6
BRDA:20,4,1,11
BRDA:21,5,0,2
BRDA:21,5,1,9
BRDA:22,6,0,1
BRDA:22,6,1,8
BRDA:23,7,0,2
BRDA:23,7,1,6
BRDA:24,8,0,3
BRDA:24,8,1,3
BRDA:24,9,0,6
BRDA:24,9,1,6
BRF:19
BRH:19
end_of_record
TN:
SF:/home/ray/git/und-ims/api/api/responses/notFound.js
FN:13,(anonymous_1)
FNF:1
FNH:1
FNDA:4,(anonymous_1)
DA:11,2
DA:13,2
DA:14,4
DA:20,4
DA:21,4
LF:5
LH:5
BRDA:17,1,0,4
BRDA:17,1,1,1
BRF:2
BRH:2
end_of_record
TN:
SF:/home/ray/git/und-ims/api/api/responses/ok.js
FN:14,(anonymous_1)
FNF:1
FNH:1
FNDA:12,(anonymous_1)
DA:12,2
DA:14,2
DA:15,12
DA:21,12
DA:22,12
LF:5
LH:5
BRDA:18,1,0,12
BRDA:18,1,1,1
BRF:2
BRH:2
end_of_record
TN:
SF:/home/ray/git/und-ims/api/api/responses/serverError.js
FN:12,(anonymous_1)
FNF:1
FNH:1
FNDA:3,(anonymous_1)
DA:10,2
DA:12,2
DA:13,3
DA:19,3
DA:20,3
LF:5
LH:5
BRDA:16,1,0,3
BRDA:16,1,1,1
BRF:2
BRH:2
end_of_record
TN:
SF:/home/ray/git/und-ims/api/api/responses/unauthorized.js
FN:13,(anonymous_1)
FNF:1
FNH:1
FNDA:3,(anonymous_1)
DA:11,2
DA:13,2
DA:14,3
DA:20,3
DA:21,3
LF:5
LH:5
BRDA:17,1,0,3
BRDA:17,1,1,1
BRF:2
BRH:2
end_of_record
TN:
SF:/home/ray/git/und-ims/api/api/services/CipherService.js
FNF:0
FNH:0
DA:3,2
DA:4,2
DA:6,2
LF:3
LH:3
BRF:0
BRH:0
end_of_record
TN:
SF:/home/ray/git/und-ims/api/config/services/cipher.js
FNF:0
FNH:0
DA:3,2
LF:1
LH:1
BRF:0
BRH:0
end_of_record
TN:
SF:/home/ray/git/und-ims/api/api/services/HashService.js
FNF:0
FNH:0
DA:3,2
DA:4,2
DA:6,2
LF:3
LH:3
BRF:0
BRH:0
end_of_record
TN:
SF:/home/ray/git/und-ims/api/config/services/hash.js
FNF:0
FNH:0
DA:3,2
LF:1
LH:1
BRF:0
BRH:0
end_of_record
TN:
SF:/home/ray/git/und-ims/api/config/additionals.js
FNF:0
FNH:0
DA:10,1
LF:1
LH:1
BRF:0
BRH:0
end_of_record
TN:
SF:/home/ray/git/und-ims/api/config/blueprints.js
FNF:0
FNH:0
DA:14,1
LF:1
LH:1
BRF:0
BRH:0
end_of_record
TN:
SF:/home/ray/git/und-ims/api/config/bootstrap.js
FNF:0
FNH:0
DA:9,1
DA:10,1
LF:2
LH:2
BRF:0
BRH:0
end_of_record
TN:
SF:/home/ray/git/und-ims/api/config/connections.js
FNF:0
FNH:0
DA:15,1
LF:1
LH:1
BRF:0
BRH:0
end_of_record
TN:
SF:/home/ray/git/und-ims/api/config/cors.js
FNF:0
FNH:0
DA:11,1
LF:1
LH:1
BRF:0
BRH:0
end_of_record
TN:
SF:/home/ray/git/und-ims/api/config/cron.js
FNF:0
FNH:0
DA:22,1
LF:1
LH:1
BRF:0
BRH:0
end_of_record
TN:
SF:/home/ray/git/und-ims/api/config/errors.js
FNF:0
FNH:0
DA:10,1
LF:1
LH:1
BRF:0
BRH:0
end_of_record
TN:
SF:/home/ray/git/und-ims/api/config/globals.js
FNF:0
FNH:0
DA:8,1
LF:1
LH:1
BRF:0
BRH:0
end_of_record
TN:
SF:/home/ray/git/und-ims/api/config/http.js
FNF:0
FNH:0
DA:8,1
DA:67,16
DA:68,16
LF:3
LH:3
BRF:0
BRH:0
end_of_record
TN:
SF:/home/ray/git/und-ims/api/config/log.js
FNF:0
FNH:0
DA:12,1
LF:1
LH:1
BRF:0
BRH:0
end_of_record
TN:
SF:/home/ray/git/und-ims/api/config/models.js
FNF:0
FNH:0
DA:9,1
LF:1
LH:1
BRF:0
BRH:0
end_of_record
TN:
SF:/home/ray/git/und-ims/api/config/passport.js
FN:153,(anonymous_1)
FNF:1
FNH:0
FNDA:0,(anonymous_1)
DA:8,1
DA:9,1
DA:10,1
DA:11,1
DA:12,1
DA:13,1
DA:14,1
DA:15,1
DA:16,1
DA:17,1
DA:18,1
DA:19,1
DA:20,1
DA:21,1
DA:22,1
DA:23,1
DA:24,1
DA:25,1
DA:26,1
DA:27,1
DA:34,1
DA:46,1
DA:60,1
DA:76,1
DA:77,0
DA:80,0
DA:81,0
DA:82,0
DA:94,1
DA:95,0
DA:98,0
DA:99,0
DA:113,1
DA:114,0
DA:115,0
DA:116,0
DA:118,0
DA:126,0
DA:128,0
DA:131,0
DA:132,0
DA:136,0
DA:137,0
DA:141,1
DA:154,0
DA:156,0
DA:164,1
DA:165,1
DA:166,1
DA:167,1
DA:168,1
DA:169,1
DA:170,1
DA:171,1
DA:172,1
DA:173,1
DA:174,1
DA:175,1
DA:176,1
DA:177,1
DA:178,1
DA:179,1
DA:180,1
LF:63
LH:44
BRDA:80,1,0,0
BRDA:80,1,1,0
BRDA:81,2,0,0
BRDA:81,2,1,0
BRDA:98,3,0,0
BRDA:98,3,1,0
BRDA:114,4,0,0
BRDA:114,4,1,0
BRDA:119,5,0,0
BRDA:119,5,1,0
BRDA:119,5,2,0
BRDA:120,6,0,0
BRDA:120,6,1,0
BRDA:120,6,2,0
BRDA:121,7,0,0
BRDA:121,7,1,0
BRDA:121,7,2,0
BRDA:122,8,0,0
BRDA:122,8,1,0
BRDA:122,8,2,0
BRDA:123,9,0,0
BRDA:123,9,1,0
BRDA:123,9,2,0
BRDA:131,10,0,0
BRDA:131,10,1,0
BRDA:154,11,0,0
BRDA:154,11,1,0
BRDA:154,12,0,0
BRDA:154,12,1,0
BRDA:154,13,0,0
BRDA:154,13,1,0
BRF:31
BRH:0
end_of_record
TN:
SF:/home/ray/git/und-ims/api/config/policies.js
FNF:0
FNH:0
DA:14,1
LF:1
LH:1
BRF:0
BRH:0
end_of_record
TN:
SF:/home/ray/git/und-ims/api/config/routes.js
FNF:0
FNH:0
DA:9,1
LF:1
LH:1
BRF:0
BRH:0
end_of_record
TN:
SF:/home/ray/git/und-ims/api/config/env/development.js
FNF:0
FNH:0
DA:8,1
LF:1
LH:1
BRF:0
BRH:0
end_of_record
TN:
SF:/home/ray/git/und-ims/api/api/hooks/CountHook.js
FNF:0
FNH:0
DA:7,1
DA:8,1
DA:9,1
DA:11,1
DA:12,0
DA:13,0
DA:15,0
DA:18,1
DA:19,1
DA:21,1
DA:22,1
DA:24,1
DA:25,1
DA:26,8
DA:28,8
DA:30,8
DA:32,8
DA:33,8
DA:36,8
DA:38,8
DA:43,1
LF:21
LH:18
BRDA:22,1,0,1
BRDA:22,1,1,1
BRDA:28,2,0,0
BRDA:28,2,1,8
BRDA:32,3,0,8
BRDA:32,3,1,0
BRDA:32,4,0,8
BRDA:32,4,1,8
BRF:8
BRH:6
end_of_record
TN:
SF:/home/ray/git/und-ims/api/api/hooks/PluralizeHook.js
FNF:0
FNH:0
DA:8,1
DA:10,1
DA:11,1
DA:13,1
DA:14,1
DA:16,1
DA:17,11
DA:18,3
DA:23,1
LF:9
LH:9
BRDA:14,1,0,0
BRDA:14,1,1,1
BRDA:17,2,0,3
BRDA:17,2,1,8
BRDA:17,3,0,11
BRDA:17,3,1,3
BRF:6
BRH:5
end_of_record
TN:
SF:/home/ray/git/und-ims/api/api/responses/custom.js
FN:14,(anonymous_1)
FNF:1
FNH:1
FNDA:6,(anonymous_1)
DA:12,1
DA:14,1
DA:15,6
DA:21,6
DA:22,6
LF:5
LH:5
BRDA:18,1,0,6
BRDA:18,1,1,0
BRF:2
BRH:1
end_of_record
TN:
SF:/home/ray/git/und-ims/api/api/models/Building.js
FN:33,(anonymous_1)
FN:40,(anonymous_2)
FN:44,(anonymous_3)
FN:47,(anonymous_4)
FNF:4
FNH:4
FNDA:6,(anonymous_1)
FNDA:7,(anonymous_2)
FNDA:6,(anonymous_3)
FNDA:6,(anonymous_4)
DA:8,1
DA:34,6
DA:38,1
DA:39,6
DA:41,7
DA:42,7
DA:43,7
DA:44,6
DA:45,6
DA:46,6
DA:47,6
DA:48,6
DA:49,6
DA:52,0
DA:56,1
LF:15
LH:14
BRDA:43,1,0,6
BRDA:43,1,1,1
BRDA:45,2,0,0
BRDA:45,2,1,6
BRDA:45,3,0,6
BRDA:45,3,1,6
BRDA:46,4,0,6
BRDA:46,4,1,0
BRDA:48,5,0,0
BRDA:48,5,1,6
BRDA:48,6,0,6
BRDA:48,6,1,6
BRF:12
BRH:9
end_of_record
TN:
SF:/home/ray/git/und-ims/api/api/models/Department.js
FN:28,(anonymous_1)
FN:35,(anonymous_2)
FN:38,(anonymous_3)
FNF:3
FNH:3
FNDA:3,(anonymous_1)
FNDA:9,(anonymous_2)
FNDA:8,(anonymous_3)
DA:8,1
DA:29,3
DA:33,1
DA:34,8
DA:36,9
DA:37,9
DA:38,8
DA:39,8
DA:40,8
DA:43,1
LF:10
LH:10
BRDA:37,1,0,8
BRDA:37,1,1,1
BRDA:39,2,0,0
BRDA:39,2,1,8
BRDA:39,3,0,8
BRDA:39,3,1,8
BRF:6
BRH:5
end_of_record
TN:
SF:/home/ray/git/und-ims/api/api/models/Item.js
FN:47,(anonymous_1)
FN:54,(anonymous_2)
FN:59,(anonymous_3)
FN:62,(anonymous_4)
FN:65,(anonymous_5)
FNF:5
FNH:5
FNDA:4,(anonymous_1)
FNDA:4,(anonymous_2)
FNDA:2,(anonymous_3)
FNDA:2,(anonymous_4)
FNDA:2,(anonymous_5)
DA:8,1
DA:48,4
DA:52,1
DA:53,2
DA:55,4
DA:56,4
DA:57,4
DA:58,4
DA:59,2
DA:60,2
DA:61,2
DA:62,2
DA:63,2
DA:64,2
DA:65,2
DA:66,2
DA:67,2
DA:70,0
DA:74,0
DA:78,2
LF:20
LH:18
BRDA:58,1,0,2
BRDA:58,1,1,2
BRDA:60,2,0,0
BRDA:60,2,1,2
BRDA:60,3,0,2
BRDA:60,3,1,2
BRDA:61,4,0,2
BRDA:61,4,1,0
BRDA:63,5,0,0
BRDA:63,5,1,2
BRDA:63,6,0,2
BRDA:63,6,1,2
BRDA:64,7,0,2
BRDA:64,7,1,0
BRDA:66,8,0,0
BRDA:66,8,1,2
BRDA:66,9,0,2
BRDA:66,9,1,2
BRF:18
BRH:13
end_of_record
TN:
SF:/home/ray/git/und-ims/api/api/models/Itemtype.js
FN:32,(anonymous_1)
FN:39,(anonymous_2)
FN:42,(anonymous_3)
FNF:3
FNH:3
FNDA:1,(anonymous_1)
FNDA:4,(anonymous_2)
FNDA:3,(anonymous_3)
DA:8,1
DA:33,1
DA:37,1
DA:38,3
DA:40,4
DA:41,4
DA:42,3
DA:43,3
DA:44,3
DA:47,1
LF:10
LH:10
BRDA:41,1,0,3
BRDA:41,1,1,1
BRDA:43,2,0,0
BRDA:43,2,1,3
BRDA:43,3,0,3
BRDA:43,3,1,3
BRF:6
BRH:5
end_of_record
TN:
SF:/home/ray/git/und-ims/api/api/models/Log.js
FN:33,(anonymous_1)
FNF:1
FNH:0
FNDA:0,(anonymous_1)
DA:8,1
DA:34,0
DA:38,0
DA:39,0
DA:40,0
LF:5
LH:1
BRF:0
BRH:0
end_of_record
TN:
SF:/home/ray/git/und-ims/api/api/models/Permission.js
FN:68,(anonymous_1)
FN:75,(anonymous_2)
FN:78,(anonymous_3)
FNF:3
FNH:0
FNDA:0,(anonymous_1)
FNDA:0,(anonymous_2)
FNDA:0,(anonymous_3)
DA:8,1
DA:69,0
DA:73,0
DA:74,0
DA:76,0
DA:77,0
DA:78,0
DA:79,0
DA:80,0
DA:83,0
LF:10
LH:1
BRDA:77,1,0,0
BRDA:77,1,1,0
BRDA:79,2,0,0
BRDA:79,2,1,0
BRDA:79,3,0,0
BRDA:79,3,1,0
BRF:6
BRH:0
end_of_record
TN:
SF:/home/ray/git/und-ims/api/api/models/Room.js
FN:32,(anonymous_1)
FN:39,(anonymous_2)
FN:43,(anonymous_3)
FN:46,(anonymous_4)
FNF:4
FNH:4
FNDA:7,(anonymous_1)
FNDA:5,(anonymous_2)
FNDA:4,(anonymous_3)
FNDA:4,(anonymous_4)
DA:8,1
DA:33,7
DA:37,1
DA:38,4
DA:40,5
DA:41,5
DA:42,5
DA:43,4
DA:44,4
DA:45,4
DA:46,4
DA:47,4
DA:48,4
DA:51,0
DA:55,1
LF:15
LH:14
BRDA:42,1,0,4
BRDA:42,1,1,1
BRDA:44,2,0,0
BRDA:44,2,1,4
BRDA:44,3,0,4
BRDA:44,3,1,4
BRDA:45,4,0,4
BRDA:45,4,1,0
BRDA:47,5,0,0
BRDA:47,5,1,4
BRDA:47,6,0,4
BRDA:47,6,1,4
BRF:12
BRH:9
end_of_record
TN:
SF:/home/ray/git/und-ims/api/api/models/User.js
FN:44,(anonymous_1)
FN:53,(anonymous_2)
FN:65,(anonymous_3)
FNF:3
FNH:3
FNDA:1,(anonymous_1)
FNDA:1,(anonymous_2)
FNDA:10,(anonymous_3)
DA:8,1
DA:45,1
DA:47,1
DA:49,1
DA:54,1
DA:55,1
DA:57,1
DA:59,1
DA:60,1
DA:66,10
DA:68,10
DA:70,10
DA:71,10
LF:13
LH:13
BRDA:54,1,0,0
BRDA:54,1,1,1
BRDA:55,2,0,0
BRDA:55,2,1,1
BRDA:66,3,0,0
BRDA:66,3,1,10
BRF:6
BRH:3
end_of_record
TN:
SF:/home/ray/git/und-ims/api/api/blueprints/add.js
FNF:0
FNH:0
DA:13,1
LF:1
LH:1
BRF:0
BRH:0
end_of_record
TN:
SF:/home/ray/git/und-ims/api/api/blueprints/create.js
FNF:0
FNH:0
DA:3,1
DA:4,1
DA:12,1
DA:13,0
DA:14,0
DA:16,0
LF:6
LH:3
BRF:0
BRH:0
end_of_record
TN:
SF:/home/ray/git/und-ims/api/api/blueprints/destroy.js
FNF:0
FNH:0
DA:3,1
DA:11,1
DA:12,0
DA:13,0
DA:15,0
DA:17,0
LF:6
LH:2
BRDA:17,1,0,0
BRDA:17,1,1,0
BRF:2
BRH:0
end_of_record
TN:
SF:/home/ray/git/und-ims/api/api/blueprints/find.js
FNF:0
FNH:0
DA:3,1
DA:4,1
DA:6,1
DA:7,1
DA:16,1
DA:17,0
DA:19,0
DA:20,0
DA:21,0
DA:22,0
DA:23,0
DA:24,0
DA:25,0
DA:26,0
DA:27,0
DA:29,0
DA:30,0
LF:17
LH:5
BRDA:19,1,0,0
BRDA:19,1,1,0
BRDA:20,2,0,0
BRDA:20,2,1,0
BRDA:24,3,0,0
BRDA:24,3,1,0
BRDA:26,4,0,0
BRDA:26,4,1,0
BRF:8
BRH:0
end_of_record
TN:
SF:/home/ray/git/und-ims/api/api/blueprints/findone.js
FNF:0
FNH:0
DA:3,1
DA:4,1
DA:6,1
DA:7,1
DA:15,1
DA:16,0
DA:18,0
DA:19,0
DA:20,0
DA:21,0
DA:22,0
DA:23,0
DA:25,0
DA:26,0
LF:14
LH:5
BRDA:18,1,0,0
BRDA:18,1,1,0
BRDA:19,2,0,0
BRDA:19,2,1,0
BRDA:22,3,0,0
BRDA:22,3,1,0
BRDA:26,4,0,0
BRDA:26,4,1,0
BRF:8
BRH:0
end_of_record
TN:
SF:/home/ray/git/und-ims/api/api/blueprints/populate.js
FNF:0
FNH:0
DA:9,1
LF:1
LH:1
BRF:0
BRH:0
end_of_record
TN:
SF:/home/ray/git/und-ims/api/api/blueprints/remove.js
FNF:0
FNH:0
DA:8,1
LF:1
LH:1
BRF:0
BRH:0
end_of_record
TN:
SF:/home/ray/git/und-ims/api/api/blueprints/update.js
FNF:0
FNH:0
DA:3,1
DA:4,1
DA:12,1
DA:13,0
DA:14,0
DA:15,0
DA:17,0
DA:19,0
LF:8
LH:3
BRDA:19,1,0,0
BRDA:19,1,1,0
BRF:2
BRH:0
end_of_record
TN:
SF:/home/ray/git/und-ims/api/api/controllers/AuthController.js
FN:17,(anonymous_1)
FN:26,(anonymous_2)
FN:43,(anonymous_3)
FN:62,(anonymous_4)
FNF:4
FNH:0
FNDA:0,(anonymous_1)
FNDA:0,(anonymous_2)
FNDA:0,(anonymous_3)
FNDA:0,(anonymous_4)
DA:8,1
DA:9,1
DA:11,1
DA:18,0
DA:27,0
DA:29,0
DA:32,0
DA:44,0
DA:45,0
DA:47,0
DA:48,0
DA:51,0
DA:52,0
DA:53,0
DA:63,0
DA:65,0
DA:67,0
LF:17
LH:3
BRDA:44,1,0,0
BRDA:44,1,1,0
BRDA:47,2,0,0
BRDA:47,2,1,0
BRDA:63,3,0,0
BRDA:63,3,1,0
BRF:6
BRH:0
end_of_record
TN:
SF:/home/ray/git/und-ims/api/api/controllers/BuildingController.js
FN:9,(anonymous_1)
FN:14,(anonymous_2)
FN:20,(anonymous_3)
FN:21,(anonymous_4)
FN:27,(anonymous_5)
FN:32,(anonymous_6)
FNF:6
FNH:6
FNDA:2,(anonymous_1)
FNDA:2,(anonymous_2)
FNDA:1,(anonymous_3)
FNDA:1,(anonymous_4)
FNDA:2,(anonymous_5)
FNDA:2,(anonymous_6)
DA:8,1
DA:10,2
DA:11,2
DA:12,0
DA:14,2
DA:15,2
DA:16,1
DA:21,1
DA:22,1
DA:23,1
DA:28,2
DA:29,2
DA:30,0
DA:32,2
DA:33,2
DA:34,1
LF:16
LH:14
BRDA:11,1,0,0
BRDA:11,1,1,2
BRDA:15,2,0,1
BRDA:15,2,1,1
BRDA:15,3,0,2
BRDA:15,3,1,2
BRDA:22,4,0,0
BRDA:22,4,1,1
BRDA:22,5,0,1
BRDA:22,5,1,1
BRDA:22,5,2,1
BRDA:29,6,0,0
BRDA:29,6,1,2
BRDA:33,7,0,1
BRDA:33,7,1,1
BRDA:33,8,0,2
BRDA:33,8,1,2
BRF:17
BRH:14
end_of_record
TN:
SF:/home/ray/git/und-ims/api/api/controllers/DepartmentController.js
FN:9,(anonymous_1)
FN:15,(anonymous_2)
FN:21,(anonymous_3)
FN:22,(anonymous_4)
FNF:4
FNH:2
FNDA:2,(anonymous_1)
FNDA:2,(anonymous_2)
FNDA:0,(anonymous_3)
FNDA:0,(anonymous_4)
DA:8,1
DA:10,2
DA:11,2
DA:12,0
DA:15,2
DA:16,2
DA:17,1
DA:22,0
DA:23,0
DA:24,0
LF:10
LH:6
BRDA:11,1,0,0
BRDA:11,1,1,2
BRDA:16,2,0,1
BRDA:16,2,1,1
BRDA:16,3,0,2
BRDA:16,3,1,2
BRDA:23,4,0,0
BRDA:23,4,1,0
BRDA:23,5,0,0
BRDA:23,5,1,0
BRDA:23,5,2,0
BRF:11
BRH:5
end_of_record
TN:
SF:/home/ray/git/und-ims/api/api/controllers/ItemController.js
FN:9,(anonymous_1)
FN:35,(anonymous_2)
FN:41,(anonymous_3)
FN:56,(anonymous_4)
FN:62,(anonymous_5)
FN:92,(anonymous_6)
FN:98,(anonymous_7)
FN:124,(anonymous_8)
FNF:8
FNH:0
FNDA:0,(anonymous_1)
FNDA:0,(anonymous_2)
FNDA:0,(anonymous_3)
FNDA:0,(anonymous_4)
FNDA:0,(anonymous_5)
FNDA:0,(anonymous_6)
FNDA:0,(anonymous_7)
FNDA:0,(anonymous_8)
DA:8,1
DA:10,0
DA:12,0
DA:35,0
DA:36,0
DA:37,0
DA:43,0
DA:56,0
DA:57,0
DA:58,0
DA:63,0
DA:64,0
DA:65,0
DA:67,0
DA:68,0
DA:69,0
DA:71,0
DA:80,0
DA:81,0
DA:84,0
DA:85,0
DA:86,0
DA:87,0
DA:88,0
DA:89,0
DA:92,0
DA:93,0
DA:94,0
DA:99,0
DA:101,0
DA:124,0
DA:125,0
DA:126,0
LF:33
LH:1
BRDA:36,1,0,0
BRDA:36,1,1,0
BRDA:36,2,0,0
BRDA:36,2,1,0
BRDA:36,2,2,0
BRDA:57,3,0,0
BRDA:57,3,1,0
BRDA:57,4,0,0
BRDA:57,4,1,0
BRDA:57,4,2,0
BRDA:67,5,0,0
BRDA:67,5,1,0
BRDA:68,6,0,0
BRDA:68,6,1,0
BRDA:68,7,0,0
BRDA:68,7,1,0
BRDA:69,8,0,0
BRDA:69,8,1,0
BRDA:69,9,0,0
BRDA:69,9,1,0
BRDA:80,10,0,0
BRDA:80,10,1,0
BRDA:84,11,0,0
BRDA:84,11,1,0
BRDA:86,12,0,0
BRDA:86,12,1,0
BRDA:88,13,0,0
BRDA:88,13,1,0
BRDA:93,14,0,0
BRDA:93,14,1,0
BRDA:93,15,0,0
BRDA:93,15,1,0
BRDA:93,15,2,0
BRDA:125,16,0,0
BRDA:125,16,1,0
BRDA:125,17,0,0
BRDA:125,17,1,0
BRDA:125,17,2,0
BRF:38
BRH:0
end_of_record
TN:
SF:/home/ray/git/und-ims/api/api/controllers/ItemtypeController.js
FN:9,(anonymous_1)
FN:15,(anonymous_2)
FNF:2
FNH:0
FNDA:0,(anonymous_1)
FNDA:0,(anonymous_2)
DA:8,1
DA:10,0
DA:11,0
DA:12,0
DA:15,0
DA:16,0
DA:17,0
LF:7
LH:1
BRDA:11,1,0,0
BRDA:11,1,1,0
BRDA:16,2,0,0
BRDA:16,2,1,0
BRDA:16,3,0,0
BRDA:16,3,1,0
BRF:6
BRH:0
end_of_record
TN:
SF:/home/ray/git/und-ims/api/api/controllers/LogController.js
FNF:0
FNH:0
DA:8,1
DA:9,0
DA:10,0
LF:3
LH:1
BRDA:9,1,0,0
BRDA:9,1,1,0
BRDA:9,2,0,0
BRDA:9,2,1,0
BRDA:9,2,2,0
BRDA:10,3,0,0
BRDA:10,3,1,0
BRDA:10,4,0,0
BRDA:10,4,1,0
BRDA:10,4,2,0
BRF:10
BRH:0
end_of_record
TN:
SF:/home/ray/git/und-ims/api/api/controllers/PermissionController.js
FNF:0
FNH:0
DA:8,1
LF:1
LH:1
BRF:0
BRH:0
end_of_record
TN:
SF:/home/ray/git/und-ims/api/api/controllers/PingController.js
FN:9,(anonymous_1)
FNF:1
FNH:1
FNDA:1,(anonymous_1)
DA:8,1
DA:10,1
LF:2
LH:2
BRF:0
BRH:0
end_of_record
TN:
SF:/home/ray/git/und-ims/api/api/controllers/RoomController.js
FN:9,(anonymous_1)
FN:15,(anonymous_2)
FN:21,(anonymous_3)
FN:22,(anonymous_4)
FN:28,(anonymous_5)
FN:35,(anonymous_6)
FN:41,(anonymous_7)
FN:46,(anonymous_8)
FNF:8
FNH:8
FNDA:2,(anonymous_1)
FNDA:2,(anonymous_2)
FNDA:1,(anonymous_3)
FNDA:1,(anonymous_4)
FNDA:2,(anonymous_5)
FNDA:2,(anonymous_6)
FNDA:2,(anonymous_7)
FNDA:2,(anonymous_8)
DA:8,1
DA:10,2
DA:11,2
DA:12,0
DA:15,2
DA:16,2
DA:17,1
DA:22,1
DA:23,1
DA:24,1
DA:29,2
DA:30,2
DA:31,2
DA:32,0
DA:35,2
DA:36,2
DA:37,1
DA:42,2
DA:43,2
DA:44,0
DA:46,2
DA:47,2
DA:48,1
LF:23
LH:20
BRDA:11,1,0,0
BRDA:11,1,1,2
BRDA:16,2,0,1
BRDA:16,2,1,1
BRDA:16,3,0,2
BRDA:16,3,1,2
BRDA:23,4,0,0
BRDA:23,4,1,1
BRDA:23,5,0,1
BRDA:23,5,1,1
BRDA:23,5,2,1
BRDA:31,6,0,0
BRDA:31,6,1,2
BRDA:36,7,0,1
BRDA:36,7,1,1
BRDA:36,8,0,2
BRDA:36,8,1,2
BRDA:43,9,0,0
BRDA:43,9,1,2
BRDA:47,10,0,1
BRDA:47,10,1,1
BRDA:47,11,0,2
BRDA:47,11,1,2
BRF:23
BRH:19
end_of_record
TN:
SF:/home/ray/git/und-ims/api/api/controllers/SearchController.js
FN:15,(anonymous_1)
FNF:1
FNH:0
FNDA:0,(anonymous_1)
DA:8,1
DA:9,1
DA:11,1
DA:12,1
DA:14,1
DA:16,0
DA:17,0
DA:19,0
DA:21,0
DA:22,0
DA:24,0
DA:26,0
DA:28,0
LF:13
LH:5
BRDA:17,1,0,0
BRDA:17,1,1,0
BRDA:19,2,0,0
BRDA:19,2,1,0
BRDA:24,3,0,0
BRDA:24,3,1,0
BRF:6
BRH:0
end_of_record
TN:
SF:/home/ray/git/und-ims/api/api/controllers/UserController.js
FN:9,(anonymous_1)
FN:12,(anonymous_2)
FN:18,(anonymous_3)
FN:25,(anonymous_4)
FN:28,(anonymous_5)
FN:35,(anonymous_6)
FNF:6
FNH:0
FNDA:0,(anonymous_1)
FNDA:0,(anonymous_2)
FNDA:0,(anonymous_3)
FNDA:0,(anonymous_4)
FNDA:0,(anonymous_5)
FNDA:0,(anonymous_6)
DA:8,1
DA:10,0
DA:12,0
DA:13,0
DA:15,0
DA:16,0
DA:17,0
DA:18,0
DA:19,0
DA:20,0
DA:26,0
DA:28,0
DA:29,0
DA:31,0
DA:32,0
DA:33,0
DA:34,0
DA:35,0
DA:36,0
LF:19
LH:1
BRDA:10,1,0,0
BRDA:10,1,1,0
BRDA:13,2,0,0
BRDA:13,2,1,0
BRDA:13,3,0,0
BRDA:13,3,1,0
BRDA:15,4,0,0
BRDA:15,4,1,0
BRDA:16,5,0,0
BRDA:16,5,1,0
BRDA:19,6,0,0
BRDA:19,6,1,0
BRDA:26,7,0,0
BRDA:26,7,1,0
BRDA:29,8,0,0
BRDA:29,8,1,0
BRDA:29,9,0,0
BRDA:29,9,1,0
BRDA:31,10,0,0
BRDA:31,10,1,0
BRDA:33,11,0,0
BRDA:33,11,1,0
BRF:22
BRH:0
end_of_record
TN:
SF:/home/ray/git/und-ims/api/api/policies/getDepartmentsAndBuildings.js
FN:3,getDepartmentsAndBuildings
FN:9,(anonymous_2)
FNF:2
FNH:0
FNDA:0,getDepartmentsAndBuildings
FNDA:0,(anonymous_2)
DA:3,1
DA:4,0
DA:6,0
DA:9,0
DA:10,0
DA:11,0
DA:13,0
DA:15,0
DA:16,0
DA:17,0
DA:20,0
DA:21,0
DA:22,0
DA:23,0
DA:26,0
LF:15
LH:1
BRDA:4,1,0,0
BRDA:4,1,1,0
BRDA:13,2,0,0
BRDA:13,2,1,0
BRDA:16,3,0,0
BRDA:16,3,1,0
BRDA:17,4,0,0
BRDA:17,4,1,0
BRDA:20,5,0,0
BRDA:20,5,1,0
BRDA:20,6,0,0
BRDA:20,6,1,0
BRDA:22,7,0,0
BRDA:22,7,1,0
BRF:14
BRH:0
end_of_record
TN:
SF:/home/ray/git/und-ims/api/api/policies/isAuthenticated.js
FNF:0
FNH:0
DA:8,1
DA:10,1
DA:11,0
DA:12,0
DA:14,0
DA:16,0
LF:6
LH:2
BRDA:12,1,0,0
BRDA:12,1,1,0
BRDA:12,2,0,0
BRDA:12,2,1,0
BRDA:12,3,0,0
BRDA:12,3,1,0
BRF:6
BRH:0
end_of_record
TN:
SF:/home/ray/git/und-ims/api/api/policies/log.js
FN:3,log
FNF:1
FNH:0
FNDA:0,log
DA:3,1
DA:4,0
DA:6,0
DA:10,0
DA:13,0
LF:5
LH:1
BRDA:4,1,0,0
BRDA:4,1,1,0
BRDA:13,2,0,0
BRDA:13,2,1,0
BRF:4
BRH:0
end_of_record
